\BOOKMARK [0][-]{chapter.1}{\376\377\0001\000\040\000P\000a\000g\000e\000\040\000P\000r\000i\000n\000c\000i\000p\000a\000l\000e}{}% 1
\BOOKMARK [0][-]{chapter.2}{\376\377\0002\000\040\000L\000i\000s\000t\000e\000\040\000d\000e\000s\000\040\000c\000h\000o\000s\000e\000s\000\040\000\340\000\040\000f\000a\000i\000r\000e}{}% 2
\BOOKMARK [0][-]{chapter.3}{\376\377\0003\000\040\000I\000n\000d\000e\000x\000\040\000h\000i\000\351\000r\000a\000r\000c\000h\000i\000q\000u\000e}{}% 3
\BOOKMARK [1][-]{section.3.1}{\376\377\0003\000.\0001\000\040\000H\000i\000\351\000r\000a\000r\000c\000h\000i\000e\000\040\000d\000e\000s\000\040\000c\000l\000a\000s\000s\000e\000s}{chapter.3}% 4
\BOOKMARK [0][-]{chapter.4}{\376\377\0004\000\040\000I\000n\000d\000e\000x\000\040\000d\000e\000s\000\040\000s\000t\000r\000u\000c\000t\000u\000r\000e\000s\000\040\000d\000e\000\040\000d\000o\000n\000n\000\351\000e\000s}{}% 5
\BOOKMARK [1][-]{section.4.1}{\376\377\0004\000.\0001\000\040\000S\000t\000r\000u\000c\000t\000u\000r\000e\000s\000\040\000d\000e\000\040\000d\000o\000n\000n\000\351\000e\000s}{chapter.4}% 6
\BOOKMARK [0][-]{chapter.5}{\376\377\0005\000\040\000I\000n\000d\000e\000x\000\040\000d\000e\000s\000\040\000f\000i\000c\000h\000i\000e\000r\000s}{}% 7
\BOOKMARK [1][-]{section.5.1}{\376\377\0005\000.\0001\000\040\000L\000i\000s\000t\000e\000\040\000d\000e\000s\000\040\000f\000i\000c\000h\000i\000e\000r\000s}{chapter.5}% 8
\BOOKMARK [0][-]{chapter.6}{\376\377\0006\000\040\000D\000o\000c\000u\000m\000e\000n\000t\000a\000t\000i\000o\000n\000\040\000d\000e\000s\000\040\000s\000t\000r\000u\000c\000t\000u\000r\000e\000s\000\040\000d\000e\000\040\000d\000o\000n\000n\000\351\000e\000s}{}% 9
\BOOKMARK [1][-]{section.6.1}{\376\377\0006\000.\0001\000\040\000R\000\351\000f\000\351\000r\000e\000n\000c\000e\000\040\000d\000e\000\040\000l\000a\000\040\000c\000l\000a\000s\000s\000e\000\040\000A\000t\000t\000\137\000s\000o\000i}{chapter.6}% 10
\BOOKMARK [2][-]{subsection.6.1.1}{\376\377\0006\000.\0001\000.\0001\000\040\000D\000e\000s\000c\000r\000i\000p\000t\000i\000o\000n\000\040\000d\000\351\000t\000a\000i\000l\000l\000\351\000e}{section.6.1}% 11
\BOOKMARK [2][-]{subsection.6.1.2}{\376\377\0006\000.\0001\000.\0002\000\040\000D\000o\000c\000u\000m\000e\000n\000t\000a\000t\000i\000o\000n\000\040\000d\000e\000s\000\040\000f\000o\000n\000c\000t\000i\000o\000n\000s\000\040\000m\000e\000m\000b\000r\000e\000s}{section.6.1}% 12
\BOOKMARK [3][-]{subsubsection.6.1.2.1}{\376\377\0006\000.\0001\000.\0002\000.\0001\000\040\000l\000a\000n\000c\000e\000r\000U\000n\000S\000o\000i\000n\000\050\000\051}{subsection.6.1.2}% 13
\BOOKMARK [1][-]{section.6.2}{\376\377\0006\000.\0002\000\040\000R\000\351\000f\000\351\000r\000e\000n\000c\000e\000\040\000d\000e\000\040\000l\000a\000\040\000c\000l\000a\000s\000s\000e\000\040\000B\000a\000s\000e\000\137\000p\000e\000r\000s\000o\000n\000n\000a\000g\000e}{chapter.6}% 14
\BOOKMARK [2][-]{subsection.6.2.1}{\376\377\0006\000.\0002\000.\0001\000\040\000D\000e\000s\000c\000r\000i\000p\000t\000i\000o\000n\000\040\000d\000\351\000t\000a\000i\000l\000l\000\351\000e}{section.6.2}% 15
\BOOKMARK [2][-]{subsection.6.2.2}{\376\377\0006\000.\0002\000.\0002\000\040\000D\000o\000c\000u\000m\000e\000n\000t\000a\000t\000i\000o\000n\000\040\000d\000e\000s\000\040\000c\000o\000n\000s\000t\000r\000u\000c\000t\000e\000u\000r\000s\000\040\000e\000t\000\040\000d\000e\000s\000t\000r\000u\000c\000t\000e\000u\000r}{section.6.2}% 16
\BOOKMARK [3][-]{subsubsection.6.2.2.1}{\376\377\0006\000.\0002\000.\0002\000.\0001\000\040\000\137\000\137\000c\000o\000n\000s\000t\000r\000u\000c\000t\000\050\000\051}{subsection.6.2.2}% 17
\BOOKMARK [2][-]{subsection.6.2.3}{\376\377\0006\000.\0002\000.\0003\000\040\000D\000o\000c\000u\000m\000e\000n\000t\000a\000t\000i\000o\000n\000\040\000d\000e\000s\000\040\000f\000o\000n\000c\000t\000i\000o\000n\000s\000\040\000m\000e\000m\000b\000r\000e\000s}{section.6.2}% 18
\BOOKMARK [3][-]{subsubsection.6.2.3.1}{\376\377\0006\000.\0002\000.\0003\000.\0001\000\040\000a\000t\000t\000\050\000\051}{subsection.6.2.3}% 19
\BOOKMARK [3][-]{subsubsection.6.2.3.2}{\376\377\0006\000.\0002\000.\0003\000.\0002\000\040\000e\000t\000o\000i\000l\000e\000\050\000\051}{subsection.6.2.3}% 20
\BOOKMARK [3][-]{subsubsection.6.2.3.3}{\376\377\0006\000.\0002\000.\0003\000.\0003\000\040\000h\000y\000d\000r\000a\000t\000e\000\050\000\051}{subsection.6.2.3}% 21
\BOOKMARK [3][-]{subsubsection.6.2.3.4}{\376\377\0006\000.\0002\000.\0003\000.\0004\000\040\000i\000d\000\137\000p\000e\000r\000s\000o\000s\000\050\000\051}{subsection.6.2.3}% 22
\BOOKMARK [3][-]{subsubsection.6.2.3.5}{\376\377\0006\000.\0002\000.\0003\000.\0005\000\040\000n\000o\000m\000\050\000\051}{subsection.6.2.3}% 23
\BOOKMARK [3][-]{subsubsection.6.2.3.6}{\376\377\0006\000.\0002\000.\0003\000.\0006\000\040\000p\000v\000\050\000\051}{subsection.6.2.3}% 24
\BOOKMARK [3][-]{subsubsection.6.2.3.7}{\376\377\0006\000.\0002\000.\0003\000.\0007\000\040\000q\000u\000a\000l\000i\000t\000e\000\050\000\051}{subsection.6.2.3}% 25
\BOOKMARK [3][-]{subsubsection.6.2.3.8}{\376\377\0006\000.\0002\000.\0003\000.\0008\000\040\000s\000e\000t\000A\000t\000t\000\050\000\051}{subsection.6.2.3}% 26
\BOOKMARK [3][-]{subsubsection.6.2.3.9}{\376\377\0006\000.\0002\000.\0003\000.\0009\000\040\000s\000e\000t\000E\000m\000p\000\137\000t\000e\000a\000m\000\050\000\051}{subsection.6.2.3}% 27
\BOOKMARK [3][-]{subsubsection.6.2.3.10}{\376\377\0006\000.\0002\000.\0003\000.\0001\0000\000\040\000s\000e\000t\000I\000d\000\137\000p\000e\000r\000s\000o\000s\000\050\000\051}{subsection.6.2.3}% 28
\BOOKMARK [3][-]{subsubsection.6.2.3.11}{\376\377\0006\000.\0002\000.\0003\000.\0001\0001\000\040\000s\000e\000t\000N\000o\000m\000\050\000\051}{subsection.6.2.3}% 29
\BOOKMARK [3][-]{subsubsection.6.2.3.12}{\376\377\0006\000.\0002\000.\0003\000.\0001\0002\000\040\000s\000e\000t\000P\000v\000\050\000\051}{subsection.6.2.3}% 30
\BOOKMARK [3][-]{subsubsection.6.2.3.13}{\376\377\0006\000.\0002\000.\0003\000.\0001\0003\000\040\000s\000e\000t\000Q\000u\000a\000l\000i\000t\000e\000\050\000\051}{subsection.6.2.3}% 31
\BOOKMARK [3][-]{subsubsection.6.2.3.14}{\376\377\0006\000.\0002\000.\0003\000.\0001\0004\000\040\000s\000e\000t\000S\000t\000u\000f\000f\000\137\0001\000\050\000\051}{subsection.6.2.3}% 32
\BOOKMARK [3][-]{subsubsection.6.2.3.15}{\376\377\0006\000.\0002\000.\0003\000.\0001\0005\000\040\000s\000e\000t\000S\000t\000u\000f\000f\000\137\0002\000\050\000\051}{subsection.6.2.3}% 33
\BOOKMARK [3][-]{subsubsection.6.2.3.16}{\376\377\0006\000.\0002\000.\0003\000.\0001\0006\000\040\000s\000e\000t\000S\000t\000u\000f\000f\000\137\0003\000\050\000\051}{subsection.6.2.3}% 34
\BOOKMARK [3][-]{subsubsection.6.2.3.17}{\376\377\0006\000.\0002\000.\0003\000.\0001\0007\000\040\000s\000e\000t\000S\000t\000u\000f\000f\000\137\0004\000\050\000\051}{subsection.6.2.3}% 35
\BOOKMARK [3][-]{subsubsection.6.2.3.18}{\376\377\0006\000.\0002\000.\0003\000.\0001\0008\000\040\000s\000e\000t\000T\000y\000p\000e\000s\000\050\000\051}{subsection.6.2.3}% 36
\BOOKMARK [3][-]{subsubsection.6.2.3.19}{\376\377\0006\000.\0002\000.\0003\000.\0001\0009\000\040\000s\000t\000u\000f\000f\000\137\0001\000\050\000\051}{subsection.6.2.3}% 37
\BOOKMARK [3][-]{subsubsection.6.2.3.20}{\376\377\0006\000.\0002\000.\0003\000.\0002\0000\000\040\000s\000t\000u\000f\000f\000\137\0002\000\050\000\051}{subsection.6.2.3}% 38
\BOOKMARK [3][-]{subsubsection.6.2.3.21}{\376\377\0006\000.\0002\000.\0003\000.\0002\0001\000\040\000s\000t\000u\000f\000f\000\137\0003\000\050\000\051}{subsection.6.2.3}% 39
\BOOKMARK [3][-]{subsubsection.6.2.3.22}{\376\377\0006\000.\0002\000.\0003\000.\0002\0002\000\040\000s\000t\000u\000f\000f\000\137\0004\000\050\000\051}{subsection.6.2.3}% 40
\BOOKMARK [3][-]{subsubsection.6.2.3.23}{\376\377\0006\000.\0002\000.\0003\000.\0002\0003\000\040\000t\000y\000p\000e\000s\000\050\000\051}{subsection.6.2.3}% 41
\BOOKMARK [2][-]{subsection.6.2.4}{\376\377\0006\000.\0002\000.\0004\000\040\000D\000o\000c\000u\000m\000e\000n\000t\000a\000t\000i\000o\000n\000\040\000d\000e\000s\000\040\000c\000h\000a\000m\000p\000s}{section.6.2}% 42
\BOOKMARK [3][-]{subsubsection.6.2.4.1}{\376\377\0006\000.\0002\000.\0004\000.\0001\000\040\000a\000t\000t}{subsection.6.2.4}% 43
\BOOKMARK [3][-]{subsubsection.6.2.4.2}{\376\377\0006\000.\0002\000.\0004\000.\0002\000\040\000e\000m\000p\000\137\000t\000e\000a\000m}{subsection.6.2.4}% 44
\BOOKMARK [3][-]{subsubsection.6.2.4.3}{\376\377\0006\000.\0002\000.\0004\000.\0003\000\040\000e\000t\000o\000i\000l\000e}{subsection.6.2.4}% 45
\BOOKMARK [3][-]{subsubsection.6.2.4.4}{\376\377\0006\000.\0002\000.\0004\000.\0004\000\040\000i\000d\000\137\000p\000e\000r\000s\000o\000s}{subsection.6.2.4}% 46
\BOOKMARK [3][-]{subsubsection.6.2.4.5}{\376\377\0006\000.\0002\000.\0004\000.\0005\000\040\000n\000o\000m}{subsection.6.2.4}% 47
\BOOKMARK [3][-]{subsubsection.6.2.4.6}{\376\377\0006\000.\0002\000.\0004\000.\0006\000\040\000p\000v}{subsection.6.2.4}% 48
\BOOKMARK [3][-]{subsubsection.6.2.4.7}{\376\377\0006\000.\0002\000.\0004\000.\0007\000\040\000q\000u\000a\000l\000i\000t\000e}{subsection.6.2.4}% 49
\BOOKMARK [3][-]{subsubsection.6.2.4.8}{\376\377\0006\000.\0002\000.\0004\000.\0008\000\040\000s\000t\000u\000f\000f\000\137\0001}{subsection.6.2.4}% 50
\BOOKMARK [3][-]{subsubsection.6.2.4.9}{\376\377\0006\000.\0002\000.\0004\000.\0009\000\040\000s\000t\000u\000f\000f\000\137\0002}{subsection.6.2.4}% 51
\BOOKMARK [3][-]{subsubsection.6.2.4.10}{\376\377\0006\000.\0002\000.\0004\000.\0001\0000\000\040\000s\000t\000u\000f\000f\000\137\0003}{subsection.6.2.4}% 52
\BOOKMARK [3][-]{subsubsection.6.2.4.11}{\376\377\0006\000.\0002\000.\0004\000.\0001\0001\000\040\000s\000t\000u\000f\000f\000\137\0004}{subsection.6.2.4}% 53
\BOOKMARK [3][-]{subsubsection.6.2.4.12}{\376\377\0006\000.\0002\000.\0004\000.\0001\0002\000\040\000t\000y\000p\000e\000s}{subsection.6.2.4}% 54
\BOOKMARK [1][-]{section.6.3}{\376\377\0006\000.\0003\000\040\000R\000\351\000f\000\351\000r\000e\000n\000c\000e\000\040\000d\000e\000\040\000l\000a\000\040\000c\000l\000a\000s\000s\000e\000\040\000P\000e\000r\000s\000o\000n\000n\000a\000g\000e}{chapter.6}% 55
\BOOKMARK [2][-]{subsection.6.3.1}{\376\377\0006\000.\0003\000.\0001\000\040\000D\000e\000s\000c\000r\000i\000p\000t\000i\000o\000n\000\040\000d\000\351\000t\000a\000i\000l\000l\000\351\000e}{section.6.3}% 56
\BOOKMARK [2][-]{subsection.6.3.2}{\376\377\0006\000.\0003\000.\0002\000\040\000D\000o\000c\000u\000m\000e\000n\000t\000a\000t\000i\000o\000n\000\040\000d\000e\000s\000\040\000c\000o\000n\000s\000t\000r\000u\000c\000t\000e\000u\000r\000s\000\040\000e\000t\000\040\000d\000e\000s\000t\000r\000u\000c\000t\000e\000u\000r}{section.6.3}% 57
\BOOKMARK [3][-]{subsubsection.6.3.2.1}{\376\377\0006\000.\0003\000.\0002\000.\0001\000\040\000\137\000\137\000c\000o\000n\000s\000t\000r\000u\000c\000t\000\050\000\051}{subsection.6.3.2}% 58
\BOOKMARK [2][-]{subsection.6.3.3}{\376\377\0006\000.\0003\000.\0003\000\040\000D\000o\000c\000u\000m\000e\000n\000t\000a\000t\000i\000o\000n\000\040\000d\000e\000s\000\040\000f\000o\000n\000c\000t\000i\000o\000n\000s\000\040\000m\000e\000m\000b\000r\000e\000s}{section.6.3}% 59
\BOOKMARK [3][-]{subsubsection.6.3.3.1}{\376\377\0006\000.\0003\000.\0003\000.\0001\000\040\000a\000r\000m\000\050\000\051}{subsection.6.3.3}% 60
\BOOKMARK [3][-]{subsubsection.6.3.3.2}{\376\377\0006\000.\0003\000.\0003\000.\0002\000\040\000a\000t\000o\000u\000t\000\050\000\051}{subsection.6.3.3}% 61
\BOOKMARK [3][-]{subsubsection.6.3.3.3}{\376\377\0006\000.\0003\000.\0003\000.\0003\000\040\000c\000r\000i\000t\000\050\000\051}{subsection.6.3.3}% 62
\BOOKMARK [3][-]{subsubsection.6.3.3.4}{\376\377\0006\000.\0003\000.\0003\000.\0004\000\040\000d\000e\000b\000u\000t\000\137\000c\000o\000m\000b\000a\000t\000\050\000\051}{subsection.6.3.3}% 63
\BOOKMARK [3][-]{subsubsection.6.3.3.5}{\376\377\0006\000.\0003\000.\0003\000.\0005\000\040\000d\000e\000f\000\050\000\051}{subsection.6.3.3}% 64
\BOOKMARK [3][-]{subsubsection.6.3.3.6}{\376\377\0006\000.\0003\000.\0003\000.\0006\000\040\000e\000s\000c\000\050\000\051}{subsection.6.3.3}% 65
\BOOKMARK [3][-]{subsubsection.6.3.3.7}{\376\377\0006\000.\0003\000.\0003\000.\0007\000\040\000e\000s\000t\000E\000n\000d\000o\000r\000m\000i\000\050\000\051}{subsection.6.3.3}% 66
\BOOKMARK [3][-]{subsubsection.6.3.3.8}{\376\377\0006\000.\0003\000.\0003\000.\0008\000\040\000e\000t\000a\000t\000\050\000\051}{subsection.6.3.3}% 67
\BOOKMARK [3][-]{subsubsection.6.3.3.9}{\376\377\0006\000.\0003\000.\0003\000.\0009\000\040\000e\000t\000o\000i\000l\000e\000\050\000\051}{subsection.6.3.3}% 68
\BOOKMARK [3][-]{subsubsection.6.3.3.10}{\376\377\0006\000.\0003\000.\0003\000.\0001\0000\000\040\000f\000r\000a\000p\000p\000e\000r\000\050\000\051}{subsection.6.3.3}% 69
\BOOKMARK [3][-]{subsubsection.6.3.3.11}{\376\377\0006\000.\0003\000.\0003\000.\0001\0001\000\040\000h\000y\000d\000r\000a\000t\000e\000\050\000\051}{subsection.6.3.3}% 70
\BOOKMARK [3][-]{subsubsection.6.3.3.12}{\376\377\0006\000.\0003\000.\0003\000.\0001\0002\000\040\000i\000d\000\137\000p\000e\000r\000s\000o\000\050\000\051}{subsection.6.3.3}% 71
\BOOKMARK [3][-]{subsubsection.6.3.3.13}{\376\377\0006\000.\0003\000.\0003\000.\0001\0003\000\040\000i\000d\000\137\000u\000s\000e\000r\000\050\000\051}{subsection.6.3.3}% 72
\BOOKMARK [3][-]{subsubsection.6.3.3.14}{\376\377\0006\000.\0003\000.\0003\000.\0001\0004\000\040\000i\000n\000c\000r\000e\000m\000e\000n\000t\000A\000t\000o\000u\000t\000\050\000\051}{subsection.6.3.3}% 73
\BOOKMARK [3][-]{subsubsection.6.3.3.15}{\376\377\0006\000.\0003\000.\0003\000.\0001\0005\000\040\000n\000i\000v\000e\000a\000u\000\050\000\051}{subsection.6.3.3}% 74
\BOOKMARK [3][-]{subsubsection.6.3.3.16}{\376\377\0006\000.\0003\000.\0003\000.\0001\0006\000\040\000p\000e\000n\000\050\000\051}{subsection.6.3.3}% 75
\BOOKMARK [3][-]{subsubsection.6.3.3.17}{\376\377\0006\000.\0003\000.\0003\000.\0001\0007\000\040\000p\000r\000e\000\050\000\051}{subsection.6.3.3}% 76
\BOOKMARK [3][-]{subsubsection.6.3.3.18}{\376\377\0006\000.\0003\000.\0003\000.\0001\0008\000\040\000q\000u\000a\000l\000i\000t\000e\000\050\000\051}{subsection.6.3.3}% 77
\BOOKMARK [3][-]{subsubsection.6.3.3.19}{\376\377\0006\000.\0003\000.\0003\000.\0001\0009\000\040\000r\000e\000c\000e\000v\000o\000i\000r\000D\000e\000g\000a\000t\000s\000\050\000\051}{subsection.6.3.3}% 78
\BOOKMARK [3][-]{subsubsection.6.3.3.20}{\376\377\0006\000.\0003\000.\0003\000.\0002\0000\000\040\000r\000e\000c\000e\000v\000o\000i\000r\000S\000o\000i\000n\000s\000\050\000\051}{subsection.6.3.3}% 79
\BOOKMARK [3][-]{subsubsection.6.3.3.21}{\376\377\0006\000.\0003\000.\0003\000.\0002\0001\000\040\000r\000e\000c\000e\000v\000o\000i\000r\000X\000P\000\050\000\051}{subsection.6.3.3}% 80
\BOOKMARK [3][-]{subsubsection.6.3.3.22}{\376\377\0006\000.\0003\000.\0003\000.\0002\0002\000\040\000r\000e\000v\000e\000i\000l\000\050\000\051}{subsection.6.3.3}% 81
\BOOKMARK [3][-]{subsubsection.6.3.3.23}{\376\377\0006\000.\0003\000.\0003\000.\0002\0003\000\040\000s\000e\000t\000A\000r\000m\000\050\000\051}{subsection.6.3.3}% 82
\BOOKMARK [3][-]{subsubsection.6.3.3.24}{\376\377\0006\000.\0003\000.\0003\000.\0002\0004\000\040\000s\000e\000t\000A\000t\000o\000u\000t\000\050\000\051}{subsection.6.3.3}% 83
\BOOKMARK [3][-]{subsubsection.6.3.3.25}{\376\377\0006\000.\0003\000.\0003\000.\0002\0005\000\040\000s\000e\000t\000C\000r\000i\000t\000\050\000\051}{subsection.6.3.3}% 84
\BOOKMARK [3][-]{subsubsection.6.3.3.26}{\376\377\0006\000.\0003\000.\0003\000.\0002\0006\000\040\000s\000e\000t\000D\000e\000f\000\050\000\051}{subsection.6.3.3}% 85
\BOOKMARK [3][-]{subsubsection.6.3.3.27}{\376\377\0006\000.\0003\000.\0003\000.\0002\0007\000\040\000s\000e\000t\000E\000s\000c\000\050\000\051}{subsection.6.3.3}% 86
\BOOKMARK [3][-]{subsubsection.6.3.3.28}{\376\377\0006\000.\0003\000.\0003\000.\0002\0008\000\040\000s\000e\000t\000E\000t\000a\000t\000\050\000\051}{subsection.6.3.3}% 87
\BOOKMARK [3][-]{subsubsection.6.3.3.29}{\376\377\0006\000.\0003\000.\0003\000.\0002\0009\000\040\000s\000e\000t\000E\000t\000o\000i\000l\000e\000\050\000\051}{subsection.6.3.3}% 88
\BOOKMARK [3][-]{subsubsection.6.3.3.30}{\376\377\0006\000.\0003\000.\0003\000.\0003\0000\000\040\000s\000e\000t\000I\000d\000\137\000p\000e\000r\000s\000o\000\050\000\051}{subsection.6.3.3}% 89
\BOOKMARK [3][-]{subsubsection.6.3.3.31}{\376\377\0006\000.\0003\000.\0003\000.\0003\0001\000\040\000s\000e\000t\000I\000d\000\137\000u\000s\000e\000r\000\050\000\051}{subsection.6.3.3}% 90
\BOOKMARK [3][-]{subsubsection.6.3.3.32}{\376\377\0006\000.\0003\000.\0003\000.\0003\0002\000\040\000s\000e\000t\000N\000i\000v\000e\000a\000u\000\050\000\051}{subsection.6.3.3}% 91
\BOOKMARK [3][-]{subsubsection.6.3.3.33}{\376\377\0006\000.\0003\000.\0003\000.\0003\0003\000\040\000s\000e\000t\000P\000e\000n\000\050\000\051}{subsection.6.3.3}% 92
\BOOKMARK [3][-]{subsubsection.6.3.3.34}{\376\377\0006\000.\0003\000.\0003\000.\0003\0004\000\040\000s\000e\000t\000P\000r\000e\000\050\000\051}{subsection.6.3.3}% 93
\BOOKMARK [3][-]{subsubsection.6.3.3.35}{\376\377\0006\000.\0003\000.\0003\000.\0003\0005\000\040\000s\000e\000t\000Q\000u\000a\000l\000i\000t\000e\000\050\000\051}{subsection.6.3.3}% 94
\BOOKMARK [3][-]{subsubsection.6.3.3.36}{\376\377\0006\000.\0003\000.\0003\000.\0003\0006\000\040\000s\000e\000t\000S\000o\000i\000\050\000\051}{subsection.6.3.3}% 95
\BOOKMARK [3][-]{subsubsection.6.3.3.37}{\376\377\0006\000.\0003\000.\0003\000.\0003\0007\000\040\000s\000e\000t\000T\000e\000a\000m\000\050\000\051}{subsection.6.3.3}% 96
\BOOKMARK [3][-]{subsubsection.6.3.3.38}{\376\377\0006\000.\0003\000.\0003\000.\0003\0008\000\040\000s\000e\000t\000T\000e\000n\000\050\000\051}{subsection.6.3.3}% 97
\BOOKMARK [3][-]{subsubsection.6.3.3.39}{\376\377\0006\000.\0003\000.\0003\000.\0003\0009\000\040\000s\000e\000t\000T\000i\000m\000e\000E\000n\000d\000o\000r\000m\000i\000\050\000\051}{subsection.6.3.3}% 98
\BOOKMARK [3][-]{subsubsection.6.3.3.40}{\376\377\0006\000.\0003\000.\0003\000.\0004\0000\000\040\000s\000e\000t\000T\000y\000p\000e\000s\000\050\000\051}{subsection.6.3.3}% 99
\BOOKMARK [3][-]{subsubsection.6.3.3.41}{\376\377\0006\000.\0003\000.\0003\000.\0004\0001\000\040\000s\000e\000t\000V\000i\000t\000\050\000\051}{subsection.6.3.3}% 100
\BOOKMARK [3][-]{subsubsection.6.3.3.42}{\376\377\0006\000.\0003\000.\0003\000.\0004\0002\000\040\000s\000e\000t\000X\000p\000\050\000\051}{subsection.6.3.3}% 101
\BOOKMARK [3][-]{subsubsection.6.3.3.43}{\376\377\0006\000.\0003\000.\0003\000.\0004\0003\000\040\000s\000e\000t\000X\000p\000\137\000m\000a\000x\000\050\000\051}{subsection.6.3.3}% 102
\BOOKMARK [3][-]{subsubsection.6.3.3.44}{\376\377\0006\000.\0003\000.\0003\000.\0004\0004\000\040\000s\000o\000i\000\050\000\051}{subsection.6.3.3}% 103
\BOOKMARK [3][-]{subsubsection.6.3.3.45}{\376\377\0006\000.\0003\000.\0003\000.\0004\0005\000\040\000s\000o\000i\000g\000n\000e\000r\000\050\000\051}{subsection.6.3.3}% 104
\BOOKMARK [3][-]{subsubsection.6.3.3.46}{\376\377\0006\000.\0003\000.\0003\000.\0004\0006\000\040\000t\000e\000a\000m\000\050\000\051}{subsection.6.3.3}% 105
\BOOKMARK [3][-]{subsubsection.6.3.3.47}{\376\377\0006\000.\0003\000.\0003\000.\0004\0007\000\040\000t\000e\000n\000\050\000\051}{subsection.6.3.3}% 106
\BOOKMARK [3][-]{subsubsection.6.3.3.48}{\376\377\0006\000.\0003\000.\0003\000.\0004\0008\000\040\000t\000i\000m\000e\000E\000n\000d\000o\000r\000m\000i\000\050\000\051}{subsection.6.3.3}% 107
\BOOKMARK [3][-]{subsubsection.6.3.3.49}{\376\377\0006\000.\0003\000.\0003\000.\0004\0009\000\040\000t\000y\000p\000e\000s\000\050\000\051}{subsection.6.3.3}% 108
\BOOKMARK [3][-]{subsubsection.6.3.3.50}{\376\377\0006\000.\0003\000.\0003\000.\0005\0000\000\040\000v\000i\000t\000\050\000\051}{subsection.6.3.3}% 109
\BOOKMARK [3][-]{subsubsection.6.3.3.51}{\376\377\0006\000.\0003\000.\0003\000.\0005\0001\000\040\000x\000p\000\050\000\051}{subsection.6.3.3}% 110
\BOOKMARK [3][-]{subsubsection.6.3.3.52}{\376\377\0006\000.\0003\000.\0003\000.\0005\0002\000\040\000x\000p\000\137\000m\000a\000x\000\050\000\051}{subsection.6.3.3}% 111
\BOOKMARK [2][-]{subsection.6.3.4}{\376\377\0006\000.\0003\000.\0004\000\040\000D\000o\000c\000u\000m\000e\000n\000t\000a\000t\000i\000o\000n\000\040\000d\000e\000s\000\040\000c\000h\000a\000m\000p\000s}{section.6.3}% 112
\BOOKMARK [3][-]{subsubsection.6.3.4.1}{\376\377\0006\000.\0003\000.\0004\000.\0001\000\040\000a\000r\000m}{subsection.6.3.4}% 113
\BOOKMARK [3][-]{subsubsection.6.3.4.2}{\376\377\0006\000.\0003\000.\0004\000.\0002\000\040\000a\000t\000o\000u\000t}{subsection.6.3.4}% 114
\BOOKMARK [3][-]{subsubsection.6.3.4.3}{\376\377\0006\000.\0003\000.\0004\000.\0003\000\040\000c\000r\000i\000t}{subsection.6.3.4}% 115
\BOOKMARK [3][-]{subsubsection.6.3.4.4}{\376\377\0006\000.\0003\000.\0004\000.\0004\000\040\000d\000e\000f}{subsection.6.3.4}% 116
\BOOKMARK [3][-]{subsubsection.6.3.4.5}{\376\377\0006\000.\0003\000.\0004\000.\0005\000\040\000e\000s\000c}{subsection.6.3.4}% 117
\BOOKMARK [3][-]{subsubsection.6.3.4.6}{\376\377\0006\000.\0003\000.\0004\000.\0006\000\040\000e\000t\000a\000t}{subsection.6.3.4}% 118
\BOOKMARK [3][-]{subsubsection.6.3.4.7}{\376\377\0006\000.\0003\000.\0004\000.\0007\000\040\000e\000t\000o\000i\000l\000e}{subsection.6.3.4}% 119
\BOOKMARK [3][-]{subsubsection.6.3.4.8}{\376\377\0006\000.\0003\000.\0004\000.\0008\000\040\000i\000d\000\137\000p\000e\000r\000s\000o}{subsection.6.3.4}% 120
\BOOKMARK [3][-]{subsubsection.6.3.4.9}{\376\377\0006\000.\0003\000.\0004\000.\0009\000\040\000i\000d\000\137\000u\000s\000e\000r}{subsection.6.3.4}% 121
\BOOKMARK [3][-]{subsubsection.6.3.4.10}{\376\377\0006\000.\0003\000.\0004\000.\0001\0000\000\040\000n\000i\000v\000e\000a\000u}{subsection.6.3.4}% 122
\BOOKMARK [3][-]{subsubsection.6.3.4.11}{\376\377\0006\000.\0003\000.\0004\000.\0001\0001\000\040\000p\000e\000n}{subsection.6.3.4}% 123
\BOOKMARK [3][-]{subsubsection.6.3.4.12}{\376\377\0006\000.\0003\000.\0004\000.\0001\0002\000\040\000p\000r\000e}{subsection.6.3.4}% 124
\BOOKMARK [3][-]{subsubsection.6.3.4.13}{\376\377\0006\000.\0003\000.\0004\000.\0001\0003\000\040\000q\000u\000a\000l\000i\000t\000e}{subsection.6.3.4}% 125
\BOOKMARK [3][-]{subsubsection.6.3.4.14}{\376\377\0006\000.\0003\000.\0004\000.\0001\0004\000\040\000s\000o\000i}{subsection.6.3.4}% 126
\BOOKMARK [3][-]{subsubsection.6.3.4.15}{\376\377\0006\000.\0003\000.\0004\000.\0001\0005\000\040\000t\000e\000a\000m}{subsection.6.3.4}% 127
\BOOKMARK [3][-]{subsubsection.6.3.4.16}{\376\377\0006\000.\0003\000.\0004\000.\0001\0006\000\040\000t\000e\000n}{subsection.6.3.4}% 128
\BOOKMARK [3][-]{subsubsection.6.3.4.17}{\376\377\0006\000.\0003\000.\0004\000.\0001\0007\000\040\000t\000i\000m\000e\000E\000n\000d\000o\000r\000m\000i}{subsection.6.3.4}% 129
\BOOKMARK [3][-]{subsubsection.6.3.4.18}{\376\377\0006\000.\0003\000.\0004\000.\0001\0008\000\040\000v\000i\000t}{subsection.6.3.4}% 130
\BOOKMARK [3][-]{subsubsection.6.3.4.19}{\376\377\0006\000.\0003\000.\0004\000.\0001\0009\000\040\000x\000p}{subsection.6.3.4}% 131
\BOOKMARK [3][-]{subsubsection.6.3.4.20}{\376\377\0006\000.\0003\000.\0004\000.\0002\0000\000\040\000x\000p\000\137\000m\000a\000x}{subsection.6.3.4}% 132
\BOOKMARK [3][-]{subsubsection.6.3.4.21}{\376\377\0006\000.\0003\000.\0004\000.\0002\0001\000\040\000C\000E\000S\000T\000\137\000M\000O\000I}{subsection.6.3.4}% 133
\BOOKMARK [3][-]{subsubsection.6.3.4.22}{\376\377\0006\000.\0003\000.\0004\000.\0002\0002\000\040\000P\000A\000S\000\137\000D\000E\000\137\000M\000A\000G\000I\000E}{subsection.6.3.4}% 134
\BOOKMARK [3][-]{subsubsection.6.3.4.23}{\376\377\0006\000.\0003\000.\0004\000.\0002\0003\000\040\000P\000E\000R\000S\000O\000\137\000E\000N\000D\000O\000R\000M\000I}{subsection.6.3.4}% 135
\BOOKMARK [3][-]{subsubsection.6.3.4.24}{\376\377\0006\000.\0003\000.\0004\000.\0002\0004\000\040\000P\000E\000R\000S\000O\000\137\000F\000U\000L\000L\000\137\000L\000I\000F\000E}{subsection.6.3.4}% 136
\BOOKMARK [3][-]{subsubsection.6.3.4.25}{\376\377\0006\000.\0003\000.\0004\000.\0002\0005\000\040\000P\000E\000R\000S\000O\000N\000N\000A\000G\000E\000\137\000E\000N\000S\000O\000R\000C\000E\000L\000E}{subsection.6.3.4}% 137
\BOOKMARK [3][-]{subsubsection.6.3.4.26}{\376\377\0006\000.\0003\000.\0004\000.\0002\0006\000\040\000P\000E\000R\000S\000O\000N\000N\000A\000G\000E\000\137\000F\000R\000A\000P\000P\000E}{subsection.6.3.4}% 138
\BOOKMARK [3][-]{subsubsection.6.3.4.27}{\376\377\0006\000.\0003\000.\0004\000.\0002\0007\000\040\000P\000E\000R\000S\000O\000N\000N\000A\000G\000E\000\137\000S\000O\000I\000G\000N\000E}{subsection.6.3.4}% 139
\BOOKMARK [3][-]{subsubsection.6.3.4.28}{\376\377\0006\000.\0003\000.\0004\000.\0002\0008\000\040\000P\000E\000R\000S\000O\000N\000N\000A\000G\000E\000\137\000T\000U\000E}{subsection.6.3.4}% 140
\BOOKMARK [1][-]{section.6.4}{\376\377\0006\000.\0004\000\040\000R\000\351\000f\000\351\000r\000e\000n\000c\000e\000\040\000d\000e\000\040\000l\000a\000\040\000c\000l\000a\000s\000s\000e\000\040\000P\000e\000r\000s\000o\000n\000n\000a\000g\000e\000s\000M\000a\000n\000a\000g\000e\000r}{chapter.6}% 141
\BOOKMARK [2][-]{subsection.6.4.1}{\376\377\0006\000.\0004\000.\0001\000\040\000D\000e\000s\000c\000r\000i\000p\000t\000i\000o\000n\000\040\000d\000\351\000t\000a\000i\000l\000l\000\351\000e}{section.6.4}% 142
\BOOKMARK [2][-]{subsection.6.4.2}{\376\377\0006\000.\0004\000.\0002\000\040\000D\000o\000c\000u\000m\000e\000n\000t\000a\000t\000i\000o\000n\000\040\000d\000e\000s\000\040\000c\000o\000n\000s\000t\000r\000u\000c\000t\000e\000u\000r\000s\000\040\000e\000t\000\040\000d\000e\000s\000t\000r\000u\000c\000t\000e\000u\000r}{section.6.4}% 143
\BOOKMARK [3][-]{subsubsection.6.4.2.1}{\376\377\0006\000.\0004\000.\0002\000.\0001\000\040\000\137\000\137\000c\000o\000n\000s\000t\000r\000u\000c\000t\000\050\000\051}{subsection.6.4.2}% 144
\BOOKMARK [2][-]{subsection.6.4.3}{\376\377\0006\000.\0004\000.\0003\000\040\000D\000o\000c\000u\000m\000e\000n\000t\000a\000t\000i\000o\000n\000\040\000d\000e\000s\000\040\000f\000o\000n\000c\000t\000i\000o\000n\000s\000\040\000m\000e\000m\000b\000r\000e\000s}{section.6.4}% 145
\BOOKMARK [3][-]{subsubsection.6.4.3.1}{\376\377\0006\000.\0004\000.\0003\000.\0001\000\040\000a\000d\000d\000\050\000\051}{subsection.6.4.3}% 146
\BOOKMARK [3][-]{subsubsection.6.4.3.2}{\376\377\0006\000.\0004\000.\0003\000.\0002\000\040\000c\000o\000u\000n\000t\000\050\000\051}{subsection.6.4.3}% 147
\BOOKMARK [3][-]{subsubsection.6.4.3.3}{\376\377\0006\000.\0004\000.\0003\000.\0003\000\040\000d\000e\000l\000e\000t\000e\000\050\000\051}{subsection.6.4.3}% 148
\BOOKMARK [3][-]{subsubsection.6.4.3.4}{\376\377\0006\000.\0004\000.\0003\000.\0004\000\040\000e\000x\000i\000s\000t\000s\000\050\000\051}{subsection.6.4.3}% 149
\BOOKMARK [3][-]{subsubsection.6.4.3.5}{\376\377\0006\000.\0004\000.\0003\000.\0005\000\040\000g\000e\000t\000\050\000\051}{subsection.6.4.3}% 150
\BOOKMARK [3][-]{subsubsection.6.4.3.6}{\376\377\0006\000.\0004\000.\0003\000.\0006\000\040\000g\000e\000t\000\137\000b\000a\000s\000e\000\137\000p\000e\000r\000s\000o\000\050\000\051}{subsection.6.4.3}% 151
\BOOKMARK [3][-]{subsubsection.6.4.3.7}{\376\377\0006\000.\0004\000.\0003\000.\0007\000\040\000g\000e\000t\000\137\000i\000d\000\137\000t\000e\000a\000m\000\050\000\051}{subsection.6.4.3}% 152
\BOOKMARK [3][-]{subsubsection.6.4.3.8}{\376\377\0006\000.\0004\000.\0003\000.\0008\000\040\000g\000e\000t\000L\000i\000s\000t\000\050\000\051}{subsection.6.4.3}% 153
\BOOKMARK [3][-]{subsubsection.6.4.3.9}{\376\377\0006\000.\0004\000.\0003\000.\0009\000\040\000g\000e\000t\000L\000i\000s\000t\000\137\000u\000p\000\050\000\051}{subsection.6.4.3}% 154
\BOOKMARK [3][-]{subsubsection.6.4.3.10}{\376\377\0006\000.\0004\000.\0003\000.\0001\0000\000\040\000g\000e\000t\000L\000i\000s\000t\000C\000h\000e\000a\000t\000\050\000\051}{subsection.6.4.3}% 155
\BOOKMARK [3][-]{subsubsection.6.4.3.11}{\376\377\0006\000.\0004\000.\0003\000.\0001\0001\000\040\000s\000e\000t\000D\000b\000\050\000\051}{subsection.6.4.3}% 156
\BOOKMARK [3][-]{subsubsection.6.4.3.12}{\376\377\0006\000.\0004\000.\0003\000.\0001\0002\000\040\000s\000u\000p\000\137\000t\000e\000a\000m\000\050\000\051}{subsection.6.4.3}% 157
\BOOKMARK [3][-]{subsubsection.6.4.3.13}{\376\377\0006\000.\0004\000.\0003\000.\0001\0003\000\040\000u\000p\000d\000a\000t\000e\000\050\000\051}{subsection.6.4.3}% 158
\BOOKMARK [3][-]{subsubsection.6.4.3.14}{\376\377\0006\000.\0004\000.\0003\000.\0001\0004\000\040\000u\000p\000d\000a\000t\000e\000\137\000t\000e\000a\000m\000\050\000\051}{subsection.6.4.3}% 159
\BOOKMARK [1][-]{section.6.5}{\376\377\0006\000.\0005\000\040\000R\000\351\000f\000\351\000r\000e\000n\000c\000e\000\040\000d\000e\000\040\000l\000a\000\040\000c\000l\000a\000s\000s\000e\000\040\000S\000o\000i\000g\000n\000e\000u\000r}{chapter.6}% 160
\BOOKMARK [2][-]{subsection.6.5.1}{\376\377\0006\000.\0005\000.\0001\000\040\000D\000e\000s\000c\000r\000i\000p\000t\000i\000o\000n\000\040\000d\000\351\000t\000a\000i\000l\000l\000\351\000e}{section.6.5}% 161
\BOOKMARK [2][-]{subsection.6.5.2}{\376\377\0006\000.\0005\000.\0002\000\040\000D\000o\000c\000u\000m\000e\000n\000t\000a\000t\000i\000o\000n\000\040\000d\000e\000s\000\040\000f\000o\000n\000c\000t\000i\000o\000n\000s\000\040\000m\000e\000m\000b\000r\000e\000s}{section.6.5}% 162
\BOOKMARK [3][-]{subsubsection.6.5.2.1}{\376\377\0006\000.\0005\000.\0002\000.\0001\000\040\000l\000a\000n\000c\000e\000r\000U\000n\000S\000o\000i\000n\000\050\000\051}{subsection.6.5.2}% 163
\BOOKMARK [1][-]{section.6.6}{\376\377\0006\000.\0006\000\040\000R\000\351\000f\000\351\000r\000e\000n\000c\000e\000\040\000d\000e\000\040\000l\000a\000\040\000c\000l\000a\000s\000s\000e\000\040\000S\000t\000u\000f\000f}{chapter.6}% 164
\BOOKMARK [2][-]{subsection.6.6.1}{\376\377\0006\000.\0006\000.\0001\000\040\000D\000e\000s\000c\000r\000i\000p\000t\000i\000o\000n\000\040\000d\000\351\000t\000a\000i\000l\000l\000\351\000e}{section.6.6}% 165
\BOOKMARK [2][-]{subsection.6.6.2}{\376\377\0006\000.\0006\000.\0002\000\040\000D\000o\000c\000u\000m\000e\000n\000t\000a\000t\000i\000o\000n\000\040\000d\000e\000s\000\040\000c\000o\000n\000s\000t\000r\000u\000c\000t\000e\000u\000r\000s\000\040\000e\000t\000\040\000d\000e\000s\000t\000r\000u\000c\000t\000e\000u\000r}{section.6.6}% 166
\BOOKMARK [3][-]{subsubsection.6.6.2.1}{\376\377\0006\000.\0006\000.\0002\000.\0001\000\040\000\137\000\137\000c\000o\000n\000s\000t\000r\000u\000c\000t\000\050\000\051}{subsection.6.6.2}% 167
\BOOKMARK [2][-]{subsection.6.6.3}{\376\377\0006\000.\0006\000.\0003\000\040\000D\000o\000c\000u\000m\000e\000n\000t\000a\000t\000i\000o\000n\000\040\000d\000e\000s\000\040\000f\000o\000n\000c\000t\000i\000o\000n\000s\000\040\000m\000e\000m\000b\000r\000e\000s}{section.6.6}% 168
\BOOKMARK [3][-]{subsubsection.6.6.3.1}{\376\377\0006\000.\0006\000.\0003\000.\0001\000\040\000a\000t\000r\000\137\0001\000\050\000\051}{subsection.6.6.3}% 169
\BOOKMARK [3][-]{subsubsection.6.6.3.2}{\376\377\0006\000.\0006\000.\0003\000.\0002\000\040\000a\000t\000r\000\137\0002\000\050\000\051}{subsection.6.6.3}% 170
\BOOKMARK [3][-]{subsubsection.6.6.3.3}{\376\377\0006\000.\0006\000.\0003\000.\0003\000\040\000c\000o\000u\000t\000\050\000\051}{subsection.6.6.3}% 171
\BOOKMARK [3][-]{subsubsection.6.6.3.4}{\376\377\0006\000.\0006\000.\0003\000.\0004\000\040\000d\000e\000s\000c\000r\000\050\000\051}{subsection.6.6.3}% 172
\BOOKMARK [3][-]{subsubsection.6.6.3.5}{\376\377\0006\000.\0006\000.\0003\000.\0005\000\040\000e\000t\000o\000i\000l\000e\000\050\000\051}{subsection.6.6.3}% 173
\BOOKMARK [3][-]{subsubsection.6.6.3.6}{\376\377\0006\000.\0006\000.\0003\000.\0006\000\040\000h\000y\000d\000r\000a\000t\000e\000\050\000\051}{subsection.6.6.3}% 174
\BOOKMARK [3][-]{subsubsection.6.6.3.7}{\376\377\0006\000.\0006\000.\0003\000.\0007\000\040\000i\000d\000\137\000b\000a\000s\000e\000\050\000\051}{subsection.6.6.3}% 175
\BOOKMARK [3][-]{subsubsection.6.6.3.8}{\376\377\0006\000.\0006\000.\0003\000.\0008\000\040\000i\000d\000\137\000s\000t\000u\000f\000f\000\050\000\051}{subsection.6.6.3}% 176
\BOOKMARK [3][-]{subsubsection.6.6.3.9}{\376\377\0006\000.\0006\000.\0003\000.\0009\000\040\000l\000v\000l\000U\000p\000\050\000\051}{subsection.6.6.3}% 177
\BOOKMARK [3][-]{subsubsection.6.6.3.10}{\376\377\0006\000.\0006\000.\0003\000.\0001\0000\000\040\000n\000i\000v\000e\000a\000u\000\050\000\051}{subsection.6.6.3}% 178
\BOOKMARK [3][-]{subsubsection.6.6.3.11}{\376\377\0006\000.\0006\000.\0003\000.\0001\0001\000\040\000n\000o\000m\000\050\000\051}{subsection.6.6.3}% 179
\BOOKMARK [3][-]{subsubsection.6.6.3.12}{\376\377\0006\000.\0006\000.\0003\000.\0001\0002\000\040\000q\000u\000a\000l\000i\000t\000e\000\050\000\051}{subsection.6.6.3}% 180
\BOOKMARK [3][-]{subsubsection.6.6.3.13}{\376\377\0006\000.\0006\000.\0003\000.\0001\0003\000\040\000s\000e\000t\000A\000t\000r\000\137\0001\000\050\000\051}{subsection.6.6.3}% 181
\BOOKMARK [3][-]{subsubsection.6.6.3.14}{\376\377\0006\000.\0006\000.\0003\000.\0001\0004\000\040\000s\000e\000t\000A\000t\000r\000\137\0002\000\050\000\051}{subsection.6.6.3}% 182
\BOOKMARK [3][-]{subsubsection.6.6.3.15}{\376\377\0006\000.\0006\000.\0003\000.\0001\0005\000\040\000s\000e\000t\000C\000o\000u\000t\000\050\000\051}{subsection.6.6.3}% 183
\BOOKMARK [3][-]{subsubsection.6.6.3.16}{\376\377\0006\000.\0006\000.\0003\000.\0001\0006\000\040\000s\000e\000t\000D\000e\000s\000c\000r\000\050\000\051}{subsection.6.6.3}% 184
\BOOKMARK [3][-]{subsubsection.6.6.3.17}{\376\377\0006\000.\0006\000.\0003\000.\0001\0007\000\040\000s\000e\000t\000E\000t\000o\000i\000l\000e\000\050\000\051}{subsection.6.6.3}% 185
\BOOKMARK [3][-]{subsubsection.6.6.3.18}{\376\377\0006\000.\0006\000.\0003\000.\0001\0008\000\040\000s\000e\000t\000I\000d\000\137\000b\000a\000s\000e\000\050\000\051}{subsection.6.6.3}% 186
\BOOKMARK [3][-]{subsubsection.6.6.3.19}{\376\377\0006\000.\0006\000.\0003\000.\0001\0009\000\040\000s\000e\000t\000I\000d\000\137\000s\000t\000u\000f\000f\000\050\000\051}{subsection.6.6.3}% 187
\BOOKMARK [3][-]{subsubsection.6.6.3.20}{\376\377\0006\000.\0006\000.\0003\000.\0002\0000\000\040\000s\000e\000t\000N\000i\000v\000e\000a\000u\000\050\000\051}{subsection.6.6.3}% 188
\BOOKMARK [3][-]{subsubsection.6.6.3.21}{\376\377\0006\000.\0006\000.\0003\000.\0002\0001\000\040\000s\000e\000t\000N\000o\000m\000\050\000\051}{subsection.6.6.3}% 189
\BOOKMARK [3][-]{subsubsection.6.6.3.22}{\376\377\0006\000.\0006\000.\0003\000.\0002\0002\000\040\000s\000e\000t\000Q\000u\000a\000l\000i\000t\000e\000\050\000\051}{subsection.6.6.3}% 190
\BOOKMARK [3][-]{subsubsection.6.6.3.23}{\376\377\0006\000.\0006\000.\0003\000.\0002\0003\000\040\000s\000e\000t\000T\000y\000p\000e\000s\000\050\000\051}{subsection.6.6.3}% 191
\BOOKMARK [3][-]{subsubsection.6.6.3.24}{\376\377\0006\000.\0006\000.\0003\000.\0002\0004\000\040\000t\000y\000p\000e\000s\000\050\000\051}{subsection.6.6.3}% 192
\BOOKMARK [2][-]{subsection.6.6.4}{\376\377\0006\000.\0006\000.\0004\000\040\000D\000o\000c\000u\000m\000e\000n\000t\000a\000t\000i\000o\000n\000\040\000d\000e\000s\000\040\000c\000h\000a\000m\000p\000s}{section.6.6}% 193
\BOOKMARK [3][-]{subsubsection.6.6.4.1}{\376\377\0006\000.\0006\000.\0004\000.\0001\000\040\000a\000t\000r\000\137\0001}{subsection.6.6.4}% 194
\BOOKMARK [3][-]{subsubsection.6.6.4.2}{\376\377\0006\000.\0006\000.\0004\000.\0002\000\040\000a\000t\000r\000\137\0002}{subsection.6.6.4}% 195
\BOOKMARK [3][-]{subsubsection.6.6.4.3}{\376\377\0006\000.\0006\000.\0004\000.\0003\000\040\000c\000o\000u\000t}{subsection.6.6.4}% 196
\BOOKMARK [3][-]{subsubsection.6.6.4.4}{\376\377\0006\000.\0006\000.\0004\000.\0004\000\040\000d\000e\000s\000c\000r}{subsection.6.6.4}% 197
\BOOKMARK [3][-]{subsubsection.6.6.4.5}{\376\377\0006\000.\0006\000.\0004\000.\0005\000\040\000e\000t\000o\000i\000l\000e}{subsection.6.6.4}% 198
\BOOKMARK [3][-]{subsubsection.6.6.4.6}{\376\377\0006\000.\0006\000.\0004\000.\0006\000\040\000i\000d\000\137\000b\000a\000s\000e}{subsection.6.6.4}% 199
\BOOKMARK [3][-]{subsubsection.6.6.4.7}{\376\377\0006\000.\0006\000.\0004\000.\0007\000\040\000i\000d\000\137\000s\000t\000u\000f\000f}{subsection.6.6.4}% 200
\BOOKMARK [3][-]{subsubsection.6.6.4.8}{\376\377\0006\000.\0006\000.\0004\000.\0008\000\040\000n\000i\000v\000e\000a\000u}{subsection.6.6.4}% 201
\BOOKMARK [3][-]{subsubsection.6.6.4.9}{\376\377\0006\000.\0006\000.\0004\000.\0009\000\040\000n\000o\000m}{subsection.6.6.4}% 202
\BOOKMARK [3][-]{subsubsection.6.6.4.10}{\376\377\0006\000.\0006\000.\0004\000.\0001\0000\000\040\000q\000u\000a\000l\000i\000t\000e}{subsection.6.6.4}% 203
\BOOKMARK [3][-]{subsubsection.6.6.4.11}{\376\377\0006\000.\0006\000.\0004\000.\0001\0001\000\040\000t\000y\000p\000e\000s}{subsection.6.6.4}% 204
\BOOKMARK [1][-]{section.6.7}{\376\377\0006\000.\0007\000\040\000R\000\351\000f\000\351\000r\000e\000n\000c\000e\000\040\000d\000e\000\040\000l\000a\000\040\000c\000l\000a\000s\000s\000e\000\040\000S\000t\000u\000f\000f\000M\000a\000n\000a\000g\000e\000r}{chapter.6}% 205
\BOOKMARK [2][-]{subsection.6.7.1}{\376\377\0006\000.\0007\000.\0001\000\040\000D\000e\000s\000c\000r\000i\000p\000t\000i\000o\000n\000\040\000d\000\351\000t\000a\000i\000l\000l\000\351\000e}{section.6.7}% 206
\BOOKMARK [2][-]{subsection.6.7.2}{\376\377\0006\000.\0007\000.\0002\000\040\000D\000o\000c\000u\000m\000e\000n\000t\000a\000t\000i\000o\000n\000\040\000d\000e\000s\000\040\000c\000o\000n\000s\000t\000r\000u\000c\000t\000e\000u\000r\000s\000\040\000e\000t\000\040\000d\000e\000s\000t\000r\000u\000c\000t\000e\000u\000r}{section.6.7}% 207
\BOOKMARK [3][-]{subsubsection.6.7.2.1}{\376\377\0006\000.\0007\000.\0002\000.\0001\000\040\000\137\000\137\000c\000o\000n\000s\000t\000r\000u\000c\000t\000\050\000\051}{subsection.6.7.2}% 208
\BOOKMARK [2][-]{subsection.6.7.3}{\376\377\0006\000.\0007\000.\0003\000\040\000D\000o\000c\000u\000m\000e\000n\000t\000a\000t\000i\000o\000n\000\040\000d\000e\000s\000\040\000f\000o\000n\000c\000t\000i\000o\000n\000s\000\040\000m\000e\000m\000b\000r\000e\000s}{section.6.7}% 209
\BOOKMARK [3][-]{subsubsection.6.7.3.1}{\376\377\0006\000.\0007\000.\0003\000.\0001\000\040\000a\000d\000d\000\050\000\051}{subsection.6.7.3}% 210
\BOOKMARK [3][-]{subsubsection.6.7.3.2}{\376\377\0006\000.\0007\000.\0003\000.\0002\000\040\000c\000o\000u\000n\000t\000\050\000\051}{subsection.6.7.3}% 211
\BOOKMARK [3][-]{subsubsection.6.7.3.3}{\376\377\0006\000.\0007\000.\0003\000.\0003\000\040\000d\000e\000l\000e\000t\000e\000\050\000\051}{subsection.6.7.3}% 212
\BOOKMARK [3][-]{subsubsection.6.7.3.4}{\376\377\0006\000.\0007\000.\0003\000.\0004\000\040\000e\000x\000i\000s\000t\000s\000\050\000\051}{subsection.6.7.3}% 213
\BOOKMARK [3][-]{subsubsection.6.7.3.5}{\376\377\0006\000.\0007\000.\0003\000.\0005\000\040\000g\000e\000t\000\050\000\051}{subsection.6.7.3}% 214
\BOOKMARK [3][-]{subsubsection.6.7.3.6}{\376\377\0006\000.\0007\000.\0003\000.\0006\000\040\000g\000e\000t\000\137\000b\000a\000s\000e\000\137\000p\000e\000r\000s\000o\000\050\000\051}{subsection.6.7.3}% 215
\BOOKMARK [3][-]{subsubsection.6.7.3.7}{\376\377\0006\000.\0007\000.\0003\000.\0007\000\040\000g\000e\000t\000\137\000n\000i\000v\000e\000a\000u\000\137\000s\000u\000p\000\050\000\051}{subsection.6.7.3}% 216
\BOOKMARK [3][-]{subsubsection.6.7.3.8}{\376\377\0006\000.\0007\000.\0003\000.\0008\000\040\000g\000e\000t\000L\000i\000s\000t\000\050\000\051}{subsection.6.7.3}% 217
\BOOKMARK [3][-]{subsubsection.6.7.3.9}{\376\377\0006\000.\0007\000.\0003\000.\0009\000\040\000g\000e\000t\000L\000i\000s\000t\000C\000h\000e\000a\000t\000\050\000\051}{subsection.6.7.3}% 218
\BOOKMARK [3][-]{subsubsection.6.7.3.10}{\376\377\0006\000.\0007\000.\0003\000.\0001\0000\000\040\000s\000e\000t\000D\000b\000\050\000\051}{subsection.6.7.3}% 219
\BOOKMARK [3][-]{subsubsection.6.7.3.11}{\376\377\0006\000.\0007\000.\0003\000.\0001\0001\000\040\000s\000u\000p\000\137\000t\000e\000a\000m\000\050\000\051}{subsection.6.7.3}% 220
\BOOKMARK [3][-]{subsubsection.6.7.3.12}{\376\377\0006\000.\0007\000.\0003\000.\0001\0002\000\040\000u\000p\000d\000a\000t\000e\000\050\000\051}{subsection.6.7.3}% 221
\BOOKMARK [3][-]{subsubsection.6.7.3.13}{\376\377\0006\000.\0007\000.\0003\000.\0001\0003\000\040\000u\000p\000d\000a\000t\000e\000\137\000t\000e\000a\000m\000\050\000\051}{subsection.6.7.3}% 222
\BOOKMARK [1][-]{section.6.8}{\376\377\0006\000.\0008\000\040\000R\000\351\000f\000\351\000r\000e\000n\000c\000e\000\040\000d\000e\000\040\000l\000a\000\040\000c\000l\000a\000s\000s\000e\000\040\000U\000s\000e\000r}{chapter.6}% 223
\BOOKMARK [2][-]{subsection.6.8.1}{\376\377\0006\000.\0008\000.\0001\000\040\000D\000e\000s\000c\000r\000i\000p\000t\000i\000o\000n\000\040\000d\000\351\000t\000a\000i\000l\000l\000\351\000e}{section.6.8}% 224
\BOOKMARK [2][-]{subsection.6.8.2}{\376\377\0006\000.\0008\000.\0002\000\040\000D\000o\000c\000u\000m\000e\000n\000t\000a\000t\000i\000o\000n\000\040\000d\000e\000s\000\040\000c\000o\000n\000s\000t\000r\000u\000c\000t\000e\000u\000r\000s\000\040\000e\000t\000\040\000d\000e\000s\000t\000r\000u\000c\000t\000e\000u\000r}{section.6.8}% 225
\BOOKMARK [3][-]{subsubsection.6.8.2.1}{\376\377\0006\000.\0008\000.\0002\000.\0001\000\040\000\137\000\137\000c\000o\000n\000s\000t\000r\000u\000c\000t\000\050\000\051}{subsection.6.8.2}% 226
\BOOKMARK [2][-]{subsection.6.8.3}{\376\377\0006\000.\0008\000.\0003\000\040\000D\000o\000c\000u\000m\000e\000n\000t\000a\000t\000i\000o\000n\000\040\000d\000e\000s\000\040\000f\000o\000n\000c\000t\000i\000o\000n\000s\000\040\000m\000e\000m\000b\000r\000e\000s}{section.6.8}% 227
\BOOKMARK [3][-]{subsubsection.6.8.3.1}{\376\377\0006\000.\0008\000.\0003\000.\0001\000\040\000a\000r\000g\000e\000n\000t\000\050\000\051}{subsection.6.8.3}% 228
\BOOKMARK [3][-]{subsubsection.6.8.3.2}{\376\377\0006\000.\0008\000.\0003\000.\0002\000\040\000e\000m\000a\000i\000l\000\050\000\051}{subsection.6.8.3}% 229
\BOOKMARK [3][-]{subsubsection.6.8.3.3}{\376\377\0006\000.\0008\000.\0003\000.\0003\000\040\000e\000m\000p\000\137\000t\000e\000a\000m\000\137\000m\000a\000x\000\050\000\051}{subsection.6.8.3}% 230
\BOOKMARK [3][-]{subsubsection.6.8.3.4}{\376\377\0006\000.\0008\000.\0003\000.\0004\000\040\000e\000n\000d\000u\000\050\000\051}{subsection.6.8.3}% 231
\BOOKMARK [3][-]{subsubsection.6.8.3.5}{\376\377\0006\000.\0008\000.\0003\000.\0005\000\040\000e\000n\000d\000u\000\137\000M\000a\000x\000\050\000\051}{subsection.6.8.3}% 232
\BOOKMARK [3][-]{subsubsection.6.8.3.6}{\376\377\0006\000.\0008\000.\0003\000.\0006\000\040\000h\000y\000d\000r\000a\000t\000e\000\050\000\051}{subsection.6.8.3}% 233
\BOOKMARK [3][-]{subsubsection.6.8.3.7}{\376\377\0006\000.\0008\000.\0003\000.\0007\000\040\000i\000d\000\137\000u\000s\000e\000r\000\050\000\051}{subsection.6.8.3}% 234
\BOOKMARK [3][-]{subsubsection.6.8.3.8}{\376\377\0006\000.\0008\000.\0003\000.\0008\000\040\000m\000d\000p\000\050\000\051}{subsection.6.8.3}% 235
\BOOKMARK [3][-]{subsubsection.6.8.3.9}{\376\377\0006\000.\0008\000.\0003\000.\0009\000\040\000n\000i\000v\000e\000a\000u\000\050\000\051}{subsection.6.8.3}% 236
\BOOKMARK [3][-]{subsubsection.6.8.3.10}{\376\377\0006\000.\0008\000.\0003\000.\0001\0000\000\040\000n\000o\000m\000V\000a\000l\000i\000d\000e\000\050\000\051}{subsection.6.8.3}% 237
\BOOKMARK [3][-]{subsubsection.6.8.3.11}{\376\377\0006\000.\0008\000.\0003\000.\0001\0001\000\040\000o\000r\000\137\000\050\000\051}{subsection.6.8.3}% 238
\BOOKMARK [3][-]{subsubsection.6.8.3.12}{\376\377\0006\000.\0008\000.\0003\000.\0001\0002\000\040\000p\000a\000y\000e\000r\000\137\000a\000r\000g\000e\000n\000t\000\050\000\051}{subsection.6.8.3}% 239
\BOOKMARK [3][-]{subsubsection.6.8.3.13}{\376\377\0006\000.\0008\000.\0003\000.\0001\0003\000\040\000p\000s\000e\000u\000d\000o\000\050\000\051}{subsection.6.8.3}% 240
\BOOKMARK [3][-]{subsubsection.6.8.3.14}{\376\377\0006\000.\0008\000.\0003\000.\0001\0004\000\040\000s\000e\000t\000A\000r\000g\000e\000n\000t\000\050\000\051}{subsection.6.8.3}% 241
\BOOKMARK [3][-]{subsubsection.6.8.3.15}{\376\377\0006\000.\0008\000.\0003\000.\0001\0005\000\040\000s\000e\000t\000E\000m\000a\000i\000l\000\050\000\051}{subsection.6.8.3}% 242
\BOOKMARK [3][-]{subsubsection.6.8.3.16}{\376\377\0006\000.\0008\000.\0003\000.\0001\0006\000\040\000s\000e\000t\000E\000m\000p\000\137\000t\000e\000a\000m\000\137\000m\000a\000x\000\050\000\051}{subsection.6.8.3}% 243
\BOOKMARK [3][-]{subsubsection.6.8.3.17}{\376\377\0006\000.\0008\000.\0003\000.\0001\0007\000\040\000s\000e\000t\000E\000n\000d\000u\000\050\000\051}{subsection.6.8.3}% 244
\BOOKMARK [3][-]{subsubsection.6.8.3.18}{\376\377\0006\000.\0008\000.\0003\000.\0001\0008\000\040\000s\000e\000t\000E\000n\000d\000u\000\137\000M\000a\000x\000\050\000\051}{subsection.6.8.3}% 245
\BOOKMARK [3][-]{subsubsection.6.8.3.19}{\376\377\0006\000.\0008\000.\0003\000.\0001\0009\000\040\000s\000e\000t\000I\000d\000\137\000u\000s\000e\000r\000\050\000\051}{subsection.6.8.3}% 246
\BOOKMARK [3][-]{subsubsection.6.8.3.20}{\376\377\0006\000.\0008\000.\0003\000.\0002\0000\000\040\000s\000e\000t\000M\000d\000p\000\050\000\051}{subsection.6.8.3}% 247
\BOOKMARK [3][-]{subsubsection.6.8.3.21}{\376\377\0006\000.\0008\000.\0003\000.\0002\0001\000\040\000s\000e\000t\000N\000i\000v\000e\000a\000u\000\050\000\051}{subsection.6.8.3}% 248
\BOOKMARK [3][-]{subsubsection.6.8.3.22}{\376\377\0006\000.\0008\000.\0003\000.\0002\0002\000\040\000s\000e\000t\000O\000r\000\137\000\050\000\051}{subsection.6.8.3}% 249
\BOOKMARK [3][-]{subsubsection.6.8.3.23}{\376\377\0006\000.\0008\000.\0003\000.\0002\0003\000\040\000s\000e\000t\000P\000s\000e\000u\000d\000o\000\050\000\051}{subsection.6.8.3}% 250
\BOOKMARK [3][-]{subsubsection.6.8.3.24}{\376\377\0006\000.\0008\000.\0003\000.\0002\0004\000\040\000s\000e\000t\000X\000p\000\050\000\051}{subsection.6.8.3}% 251
\BOOKMARK [3][-]{subsubsection.6.8.3.25}{\376\377\0006\000.\0008\000.\0003\000.\0002\0005\000\040\000s\000e\000t\000X\000p\000\137\000M\000a\000x\000\050\000\051}{subsection.6.8.3}% 252
\BOOKMARK [3][-]{subsubsection.6.8.3.26}{\376\377\0006\000.\0008\000.\0003\000.\0002\0006\000\040\000x\000p\000\050\000\051}{subsection.6.8.3}% 253
\BOOKMARK [3][-]{subsubsection.6.8.3.27}{\376\377\0006\000.\0008\000.\0003\000.\0002\0007\000\040\000x\000p\000\137\000M\000a\000x\000\050\000\051}{subsection.6.8.3}% 254
\BOOKMARK [2][-]{subsection.6.8.4}{\376\377\0006\000.\0008\000.\0004\000\040\000D\000o\000c\000u\000m\000e\000n\000t\000a\000t\000i\000o\000n\000\040\000d\000e\000s\000\040\000c\000h\000a\000m\000p\000s}{section.6.8}% 255
\BOOKMARK [3][-]{subsubsection.6.8.4.1}{\376\377\0006\000.\0008\000.\0004\000.\0001\000\040\000a\000r\000g\000e\000n\000t}{subsection.6.8.4}% 256
\BOOKMARK [3][-]{subsubsection.6.8.4.2}{\376\377\0006\000.\0008\000.\0004\000.\0002\000\040\000e\000m\000a\000i\000l}{subsection.6.8.4}% 257
\BOOKMARK [3][-]{subsubsection.6.8.4.3}{\376\377\0006\000.\0008\000.\0004\000.\0003\000\040\000e\000m\000p\000\137\000t\000e\000a\000m\000\137\000m\000a\000x}{subsection.6.8.4}% 258
\BOOKMARK [3][-]{subsubsection.6.8.4.4}{\376\377\0006\000.\0008\000.\0004\000.\0004\000\040\000e\000n\000d\000u}{subsection.6.8.4}% 259
\BOOKMARK [3][-]{subsubsection.6.8.4.5}{\376\377\0006\000.\0008\000.\0004\000.\0005\000\040\000e\000n\000d\000u\000\137\000M\000a\000x}{subsection.6.8.4}% 260
\BOOKMARK [3][-]{subsubsection.6.8.4.6}{\376\377\0006\000.\0008\000.\0004\000.\0006\000\040\000i\000d\000\137\000u\000s\000e\000r}{subsection.6.8.4}% 261
\BOOKMARK [3][-]{subsubsection.6.8.4.7}{\376\377\0006\000.\0008\000.\0004\000.\0007\000\040\000m\000d\000p}{subsection.6.8.4}% 262
\BOOKMARK [3][-]{subsubsection.6.8.4.8}{\376\377\0006\000.\0008\000.\0004\000.\0008\000\040\000n\000i\000v\000e\000a\000u}{subsection.6.8.4}% 263
\BOOKMARK [3][-]{subsubsection.6.8.4.9}{\376\377\0006\000.\0008\000.\0004\000.\0009\000\040\000o\000r\000\137}{subsection.6.8.4}% 264
\BOOKMARK [3][-]{subsubsection.6.8.4.10}{\376\377\0006\000.\0008\000.\0004\000.\0001\0000\000\040\000p\000s\000e\000u\000d\000o}{subsection.6.8.4}% 265
\BOOKMARK [3][-]{subsubsection.6.8.4.11}{\376\377\0006\000.\0008\000.\0004\000.\0001\0001\000\040\000x\000p}{subsection.6.8.4}% 266
\BOOKMARK [3][-]{subsubsection.6.8.4.12}{\376\377\0006\000.\0008\000.\0004\000.\0001\0002\000\040\000X\000p\000\137\000M\000a\000x}{subsection.6.8.4}% 267
\BOOKMARK [1][-]{section.6.9}{\376\377\0006\000.\0009\000\040\000R\000\351\000f\000\351\000r\000e\000n\000c\000e\000\040\000d\000e\000\040\000l\000a\000\040\000c\000l\000a\000s\000s\000e\000\040\000U\000s\000e\000r\000M\000a\000n\000a\000g\000e\000r}{chapter.6}% 268
\BOOKMARK [2][-]{subsection.6.9.1}{\376\377\0006\000.\0009\000.\0001\000\040\000D\000e\000s\000c\000r\000i\000p\000t\000i\000o\000n\000\040\000d\000\351\000t\000a\000i\000l\000l\000\351\000e}{section.6.9}% 269
\BOOKMARK [2][-]{subsection.6.9.2}{\376\377\0006\000.\0009\000.\0002\000\040\000D\000o\000c\000u\000m\000e\000n\000t\000a\000t\000i\000o\000n\000\040\000d\000e\000s\000\040\000c\000o\000n\000s\000t\000r\000u\000c\000t\000e\000u\000r\000s\000\040\000e\000t\000\040\000d\000e\000s\000t\000r\000u\000c\000t\000e\000u\000r}{section.6.9}% 270
\BOOKMARK [3][-]{subsubsection.6.9.2.1}{\376\377\0006\000.\0009\000.\0002\000.\0001\000\040\000\137\000\137\000c\000o\000n\000s\000t\000r\000u\000c\000t\000\050\000\051}{subsection.6.9.2}% 271
\BOOKMARK [2][-]{subsection.6.9.3}{\376\377\0006\000.\0009\000.\0003\000\040\000D\000o\000c\000u\000m\000e\000n\000t\000a\000t\000i\000o\000n\000\040\000d\000e\000s\000\040\000f\000o\000n\000c\000t\000i\000o\000n\000s\000\040\000m\000e\000m\000b\000r\000e\000s}{section.6.9}% 272
\BOOKMARK [3][-]{subsubsection.6.9.3.1}{\376\377\0006\000.\0009\000.\0003\000.\0001\000\040\000a\000d\000d\000\050\000\051}{subsection.6.9.3}% 273
\BOOKMARK [3][-]{subsubsection.6.9.3.2}{\376\377\0006\000.\0009\000.\0003\000.\0002\000\040\000c\000o\000u\000n\000t\000\050\000\051}{subsection.6.9.3}% 274
\BOOKMARK [3][-]{subsubsection.6.9.3.3}{\376\377\0006\000.\0009\000.\0003\000.\0003\000\040\000d\000e\000l\000e\000t\000e\000\050\000\051}{subsection.6.9.3}% 275
\BOOKMARK [3][-]{subsubsection.6.9.3.4}{\376\377\0006\000.\0009\000.\0003\000.\0004\000\040\000e\000x\000i\000s\000t\000s\000\050\000\051}{subsection.6.9.3}% 276
\BOOKMARK [3][-]{subsubsection.6.9.3.5}{\376\377\0006\000.\0009\000.\0003\000.\0005\000\040\000g\000e\000t\000\050\000\051}{subsection.6.9.3}% 277
\BOOKMARK [3][-]{subsubsection.6.9.3.6}{\376\377\0006\000.\0009\000.\0003\000.\0006\000\040\000g\000e\000t\000L\000i\000s\000t\000\050\000\051}{subsection.6.9.3}% 278
\BOOKMARK [3][-]{subsubsection.6.9.3.7}{\376\377\0006\000.\0009\000.\0003\000.\0007\000\040\000s\000e\000t\000D\000b\000\050\000\051}{subsection.6.9.3}% 279
\BOOKMARK [3][-]{subsubsection.6.9.3.8}{\376\377\0006\000.\0009\000.\0003\000.\0008\000\040\000u\000p\000d\000a\000t\000e\000\050\000\051}{subsection.6.9.3}% 280
\BOOKMARK [3][-]{subsubsection.6.9.3.9}{\376\377\0006\000.\0009\000.\0003\000.\0009\000\040\000v\000e\000r\000i\000f\000M\000d\000p\000\050\000\051}{subsection.6.9.3}% 281
\BOOKMARK [0][-]{chapter.7}{\376\377\0007\000\040\000D\000o\000c\000u\000m\000e\000n\000t\000a\000t\000i\000o\000n\000\040\000d\000e\000s\000\040\000f\000i\000c\000h\000i\000e\000r\000s}{}% 282
\BOOKMARK [1][-]{section.7.1}{\376\377\0007\000.\0001\000\040\000R\000\351\000f\000\351\000r\000e\000n\000c\000e\000\040\000d\000u\000\040\000f\000i\000c\000h\000i\000e\000r\000\040\000a\000j\000a\000x\000/\000a\000d\000d\000\137\000p\000e\000r\000s\000o\000.\000p\000h\000p}{chapter.7}% 283
\BOOKMARK [2][-]{subsection.7.1.1}{\376\377\0007\000.\0001\000.\0001\000\040\000D\000o\000c\000u\000m\000e\000n\000t\000a\000t\000i\000o\000n\000\040\000d\000e\000s\000\040\000f\000o\000n\000c\000t\000i\000o\000n\000s}{section.7.1}% 284
\BOOKMARK [3][-]{subsubsection.7.1.1.1}{\376\377\0007\000.\0001\000.\0001\000.\0001\000\040\000c\000h\000a\000r\000g\000e\000r\000C\000l\000a\000s\000s\000e\000\050\000\051}{subsection.7.1.1}% 285
\BOOKMARK [2][-]{subsection.7.1.2}{\376\377\0007\000.\0001\000.\0002\000\040\000D\000o\000c\000u\000m\000e\000n\000t\000a\000t\000i\000o\000n\000\040\000d\000e\000s\000\040\000v\000a\000r\000i\000a\000b\000l\000e\000s}{section.7.1}% 286
\BOOKMARK [3][-]{subsubsection.7.1.2.1}{\376\377\0007\000.\0001\000.\0002\000.\0001\000\040\000m\000a\000n\000a\000g\000e\000r}{subsection.7.1.2}% 287
\BOOKMARK [3][-]{subsubsection.7.1.2.2}{\376\377\0007\000.\0001\000.\0002\000.\0002\000\040\000m\000a\000n\000a\000g\000e\000r\000S\000t\000u\000f\000f}{subsection.7.1.2}% 288
\BOOKMARK [3][-]{subsubsection.7.1.2.3}{\376\377\0007\000.\0001\000.\0002\000.\0003\000\040\000p\000e\000r\000s\000o}{subsection.7.1.2}% 289
\BOOKMARK [3][-]{subsubsection.7.1.2.4}{\376\377\0007\000.\0001\000.\0002\000.\0004\000\040\000u\000s\000e\000r}{subsection.7.1.2}% 290
\BOOKMARK [3][-]{subsubsection.7.1.2.5}{\376\377\0007\000.\0001\000.\0002\000.\0005\000\040\000u\000s\000e\000r\000m\000a\000n\000a\000g\000e\000r}{subsection.7.1.2}% 291
\BOOKMARK [1][-]{section.7.2}{\376\377\0007\000.\0002\000\040\000R\000\351\000f\000\351\000r\000e\000n\000c\000e\000\040\000d\000u\000\040\000f\000i\000c\000h\000i\000e\000r\000\040\000a\000j\000a\000x\000/\000g\000e\000s\000t\000i\000o\000n\000\137\000p\000e\000r\000s\000o\000.\000p\000h\000p}{chapter.7}% 292
\BOOKMARK [2][-]{subsection.7.2.1}{\376\377\0007\000.\0002\000.\0001\000\040\000D\000o\000c\000u\000m\000e\000n\000t\000a\000t\000i\000o\000n\000\040\000d\000e\000s\000\040\000v\000a\000r\000i\000a\000b\000l\000e\000s}{section.7.2}% 293
\BOOKMARK [3][-]{subsubsection.7.2.1.1}{\376\377\0007\000.\0002\000.\0001\000.\0001\000\040\000e\000l\000s\000e}{subsection.7.2.1}% 294
\BOOKMARK [1][-]{section.7.3}{\376\377\0007\000.\0003\000\040\000R\000\351\000f\000\351\000r\000e\000n\000c\000e\000\040\000d\000u\000\040\000f\000i\000c\000h\000i\000e\000r\000\040\000a\000j\000a\000x\000/\000g\000e\000s\000t\000i\000o\000n\000\137\000s\000t\000u\000f\000f\000.\000p\000h\000p}{chapter.7}% 295
\BOOKMARK [2][-]{subsection.7.3.1}{\376\377\0007\000.\0003\000.\0001\000\040\000D\000o\000c\000u\000m\000e\000n\000t\000a\000t\000i\000o\000n\000\040\000d\000e\000s\000\040\000f\000o\000n\000c\000t\000i\000o\000n\000s}{section.7.3}% 296
\BOOKMARK [3][-]{subsubsection.7.3.1.1}{\376\377\0007\000.\0003\000.\0001\000.\0001\000\040\000c\000h\000a\000r\000g\000e\000r\000C\000l\000a\000s\000s\000e\000\050\000\051}{subsection.7.3.1}% 297
\BOOKMARK [2][-]{subsection.7.3.2}{\376\377\0007\000.\0003\000.\0002\000\040\000D\000o\000c\000u\000m\000e\000n\000t\000a\000t\000i\000o\000n\000\040\000d\000e\000s\000\040\000v\000a\000r\000i\000a\000b\000l\000e\000s}{section.7.3}% 298
\BOOKMARK [3][-]{subsubsection.7.3.2.1}{\376\377\0007\000.\0003\000.\0002\000.\0001\000\040\000m\000a\000n\000a\000g\000e\000r}{subsection.7.3.2}% 299
\BOOKMARK [3][-]{subsubsection.7.3.2.2}{\376\377\0007\000.\0003\000.\0002\000.\0002\000\040\000m\000a\000n\000a\000g\000e\000r\000S\000t\000u\000f\000f}{subsection.7.3.2}% 300
\BOOKMARK [3][-]{subsubsection.7.3.2.3}{\376\377\0007\000.\0003\000.\0002\000.\0003\000\040\000m\000a\000n\000a\000g\000e\000r\000U\000s\000e\000r}{subsection.7.3.2}% 301
\BOOKMARK [3][-]{subsubsection.7.3.2.4}{\376\377\0007\000.\0003\000.\0002\000.\0004\000\040\000p\000e\000r\000s\000o}{subsection.7.3.2}% 302
\BOOKMARK [3][-]{subsubsection.7.3.2.5}{\376\377\0007\000.\0003\000.\0002\000.\0005\000\040\000s\000t\000u\000f\000f}{subsection.7.3.2}% 303
\BOOKMARK [3][-]{subsubsection.7.3.2.6}{\376\377\0007\000.\0003\000.\0002\000.\0006\000\040\000t\000a\000b}{subsection.7.3.2}% 304
\BOOKMARK [3][-]{subsubsection.7.3.2.7}{\376\377\0007\000.\0003\000.\0002\000.\0007\000\040\000e\000l\000s\000e}{subsection.7.3.2}% 305
\BOOKMARK [1][-]{section.7.4}{\376\377\0007\000.\0004\000\040\000R\000\351\000f\000\351\000r\000e\000n\000c\000e\000\040\000d\000u\000\040\000f\000i\000c\000h\000i\000e\000r\000\040\000a\000j\000a\000x\000/\000g\000e\000s\000t\000i\000o\000n\000\137\000s\000u\000p\000\137\000t\000a\000b\000.\000p\000h\000p}{chapter.7}% 306
\BOOKMARK [1][-]{section.7.5}{\376\377\0007\000.\0005\000\040\000R\000\351\000f\000\351\000r\000e\000n\000c\000e\000\040\000d\000u\000\040\000f\000i\000c\000h\000i\000e\000r\000\040\000a\000j\000a\000x\000/\000g\000e\000s\000t\000i\000o\000n\000\137\000u\000p\000\137\000p\000e\000r\000s\000o\000.\000p\000h\000p}{chapter.7}% 307
\BOOKMARK [2][-]{subsection.7.5.1}{\376\377\0007\000.\0005\000.\0001\000\040\000D\000o\000c\000u\000m\000e\000n\000t\000a\000t\000i\000o\000n\000\040\000d\000e\000s\000\040\000f\000o\000n\000c\000t\000i\000o\000n\000s}{section.7.5}% 308
\BOOKMARK [3][-]{subsubsection.7.5.1.1}{\376\377\0007\000.\0005\000.\0001\000.\0001\000\040\000c\000h\000a\000r\000g\000e\000r\000C\000l\000a\000s\000s\000e\000\050\000\051}{subsection.7.5.1}% 309
\BOOKMARK [2][-]{subsection.7.5.2}{\376\377\0007\000.\0005\000.\0002\000\040\000D\000o\000c\000u\000m\000e\000n\000t\000a\000t\000i\000o\000n\000\040\000d\000e\000s\000\040\000v\000a\000r\000i\000a\000b\000l\000e\000s}{section.7.5}% 310
\BOOKMARK [3][-]{subsubsection.7.5.2.1}{\376\377\0007\000.\0005\000.\0002\000.\0001\000\040\000e\000n\000t\000r\000y}{subsection.7.5.2}% 311
\BOOKMARK [3][-]{subsubsection.7.5.2.2}{\376\377\0007\000.\0005\000.\0002\000.\0002\000\040\000j\000s\000o\000n}{subsection.7.5.2}% 312
\BOOKMARK [3][-]{subsubsection.7.5.2.3}{\376\377\0007\000.\0005\000.\0002\000.\0003\000\040\000m\000a\000n\000a\000g\000e\000r}{subsection.7.5.2}% 313
\BOOKMARK [3][-]{subsubsection.7.5.2.4}{\376\377\0007\000.\0005\000.\0002\000.\0004\000\040\000p\000e\000r\000s\000o}{subsection.7.5.2}% 314
\BOOKMARK [1][-]{section.7.6}{\376\377\0007\000.\0006\000\040\000R\000\351\000f\000\351\000r\000e\000n\000c\000e\000\040\000d\000u\000\040\000f\000i\000c\000h\000i\000e\000r\000\040\000a\000j\000a\000x\000/\000s\000u\000p\000\137\000p\000e\000r\000s\000o\000.\000p\000h\000p}{chapter.7}% 315
\BOOKMARK [2][-]{subsection.7.6.1}{\376\377\0007\000.\0006\000.\0001\000\040\000D\000o\000c\000u\000m\000e\000n\000t\000a\000t\000i\000o\000n\000\040\000d\000e\000s\000\040\000f\000o\000n\000c\000t\000i\000o\000n\000s}{section.7.6}% 316
\BOOKMARK [3][-]{subsubsection.7.6.1.1}{\376\377\0007\000.\0006\000.\0001\000.\0001\000\040\000c\000h\000a\000r\000g\000e\000r\000C\000l\000a\000s\000s\000e\000\050\000\051}{subsection.7.6.1}% 317
\BOOKMARK [2][-]{subsection.7.6.2}{\376\377\0007\000.\0006\000.\0002\000\040\000D\000o\000c\000u\000m\000e\000n\000t\000a\000t\000i\000o\000n\000\040\000d\000e\000s\000\040\000v\000a\000r\000i\000a\000b\000l\000e\000s}{section.7.6}% 318
\BOOKMARK [3][-]{subsubsection.7.6.2.1}{\376\377\0007\000.\0006\000.\0002\000.\0001\000\040\000m\000a\000n\000a\000g\000e\000r}{subsection.7.6.2}% 319
\BOOKMARK [3][-]{subsubsection.7.6.2.2}{\376\377\0007\000.\0006\000.\0002\000.\0002\000\040\000p\000e\000r\000s\000o}{subsection.7.6.2}% 320
\BOOKMARK [1][-]{section.7.7}{\376\377\0007\000.\0007\000\040\000R\000\351\000f\000\351\000r\000e\000n\000c\000e\000\040\000d\000u\000\040\000f\000i\000c\000h\000i\000e\000r\000\040\000a\000j\000a\000x\000/\000t\000e\000a\000m\000\137\000a\000j\000a\000x\000.\000p\000h\000p}{chapter.7}% 321
\BOOKMARK [2][-]{subsection.7.7.1}{\376\377\0007\000.\0007\000.\0001\000\040\000D\000o\000c\000u\000m\000e\000n\000t\000a\000t\000i\000o\000n\000\040\000d\000e\000s\000\040\000f\000o\000n\000c\000t\000i\000o\000n\000s}{section.7.7}% 322
\BOOKMARK [3][-]{subsubsection.7.7.1.1}{\376\377\0007\000.\0007\000.\0001\000.\0001\000\040\000c\000h\000a\000r\000g\000e\000r\000C\000l\000a\000s\000s\000e\000\050\000\051}{subsection.7.7.1}% 323
\BOOKMARK [2][-]{subsection.7.7.2}{\376\377\0007\000.\0007\000.\0002\000\040\000D\000o\000c\000u\000m\000e\000n\000t\000a\000t\000i\000o\000n\000\040\000d\000e\000s\000\040\000v\000a\000r\000i\000a\000b\000l\000e\000s}{section.7.7}% 324
\BOOKMARK [3][-]{subsubsection.7.7.2.1}{\376\377\0007\000.\0007\000.\0002\000.\0001\000\040\000m\000a\000n\000a\000g\000e\000r}{subsection.7.7.2}% 325
\BOOKMARK [1][-]{section.7.8}{\376\377\0007\000.\0008\000\040\000R\000\351\000f\000\351\000r\000e\000n\000c\000e\000\040\000d\000u\000\040\000f\000i\000c\000h\000i\000e\000r\000\040\000c\000l\000a\000s\000s\000/\000A\000t\000t\000\137\000s\000o\000i\000.\000p\000h\000p}{chapter.7}% 326
\BOOKMARK [1][-]{section.7.9}{\376\377\0007\000.\0009\000\040\000R\000\351\000f\000\351\000r\000e\000n\000c\000e\000\040\000d\000u\000\040\000f\000i\000c\000h\000i\000e\000r\000\040\000c\000l\000a\000s\000s\000/\000B\000a\000s\000e\000\137\000p\000e\000r\000s\000o\000n\000n\000a\000g\000e\000.\000p\000h\000p}{chapter.7}% 327
\BOOKMARK [2][-]{subsection.7.9.1}{\376\377\0007\000.\0009\000.\0001\000\040\000D\000e\000s\000c\000r\000i\000p\000t\000i\000o\000n\000\040\000d\000\351\000t\000a\000i\000l\000l\000\351\000e}{section.7.9}% 328
\BOOKMARK [1][-]{section.7.10}{\376\377\0007\000.\0001\0000\000\040\000R\000\351\000f\000\351\000r\000e\000n\000c\000e\000\040\000d\000u\000\040\000f\000i\000c\000h\000i\000e\000r\000\040\000c\000l\000a\000s\000s\000/\000P\000e\000r\000s\000o\000n\000n\000a\000g\000e\000.\000p\000h\000p}{chapter.7}% 329
\BOOKMARK [2][-]{subsection.7.10.1}{\376\377\0007\000.\0001\0000\000.\0001\000\040\000D\000e\000s\000c\000r\000i\000p\000t\000i\000o\000n\000\040\000d\000\351\000t\000a\000i\000l\000l\000\351\000e}{section.7.10}% 330
\BOOKMARK [1][-]{section.7.11}{\376\377\0007\000.\0001\0001\000\040\000R\000\351\000f\000\351\000r\000e\000n\000c\000e\000\040\000d\000u\000\040\000f\000i\000c\000h\000i\000e\000r\000\040\000c\000l\000a\000s\000s\000/\000P\000e\000r\000s\000o\000n\000n\000a\000g\000e\000s\000M\000a\000n\000a\000g\000e\000r\000.\000p\000h\000p}{chapter.7}% 331
\BOOKMARK [1][-]{section.7.12}{\376\377\0007\000.\0001\0002\000\040\000R\000\351\000f\000\351\000r\000e\000n\000c\000e\000\040\000d\000u\000\040\000f\000i\000c\000h\000i\000e\000r\000\040\000c\000l\000a\000s\000s\000/\000S\000o\000i\000g\000n\000e\000u\000r\000.\000p\000h\000p}{chapter.7}% 332
\BOOKMARK [1][-]{section.7.13}{\376\377\0007\000.\0001\0003\000\040\000R\000\351\000f\000\351\000r\000e\000n\000c\000e\000\040\000d\000u\000\040\000f\000i\000c\000h\000i\000e\000r\000\040\000c\000l\000a\000s\000s\000/\000S\000t\000u\000f\000f\000.\000p\000h\000p}{chapter.7}% 333
\BOOKMARK [1][-]{section.7.14}{\376\377\0007\000.\0001\0004\000\040\000R\000\351\000f\000\351\000r\000e\000n\000c\000e\000\040\000d\000u\000\040\000f\000i\000c\000h\000i\000e\000r\000\040\000i\000n\000c\000l\000u\000d\000e\000s\000/\000s\000t\000u\000f\000f\000.\000p\000h\000p}{chapter.7}% 334
\BOOKMARK [2][-]{subsection.7.14.1}{\376\377\0007\000.\0001\0004\000.\0001\000\040\000D\000e\000s\000c\000r\000i\000p\000t\000i\000o\000n\000\040\000d\000\351\000t\000a\000i\000l\000l\000\351\000e}{section.7.14}% 335
\BOOKMARK [1][-]{section.7.15}{\376\377\0007\000.\0001\0005\000\040\000R\000\351\000f\000\351\000r\000e\000n\000c\000e\000\040\000d\000u\000\040\000f\000i\000c\000h\000i\000e\000r\000\040\000c\000l\000a\000s\000s\000/\000S\000t\000u\000f\000f\000M\000a\000n\000a\000g\000e\000r\000.\000p\000h\000p}{chapter.7}% 336
\BOOKMARK [1][-]{section.7.16}{\376\377\0007\000.\0001\0006\000\040\000R\000\351\000f\000\351\000r\000e\000n\000c\000e\000\040\000d\000u\000\040\000f\000i\000c\000h\000i\000e\000r\000\040\000c\000l\000a\000s\000s\000/\000U\000s\000e\000r\000.\000p\000h\000p}{chapter.7}% 337
\BOOKMARK [1][-]{section.7.17}{\376\377\0007\000.\0001\0007\000\040\000R\000\351\000f\000\351\000r\000e\000n\000c\000e\000\040\000d\000u\000\040\000f\000i\000c\000h\000i\000e\000r\000\040\000c\000l\000a\000s\000s\000/\000U\000s\000e\000r\000M\000a\000n\000a\000g\000e\000r\000.\000p\000h\000p}{chapter.7}% 338
\BOOKMARK [1][-]{section.7.18}{\376\377\0007\000.\0001\0008\000\040\000R\000\351\000f\000\351\000r\000e\000n\000c\000e\000\040\000d\000u\000\040\000f\000i\000c\000h\000i\000e\000r\000\040\000i\000n\000c\000l\000u\000d\000e\000s\000/\000c\000h\000e\000a\000t\000.\000p\000h\000p}{chapter.7}% 339
\BOOKMARK [2][-]{subsection.7.18.1}{\376\377\0007\000.\0001\0008\000.\0001\000\040\000D\000e\000s\000c\000r\000i\000p\000t\000i\000o\000n\000\040\000d\000\351\000t\000a\000i\000l\000l\000\351\000e}{section.7.18}% 340
\BOOKMARK [1][-]{section.7.19}{\376\377\0007\000.\0001\0009\000\040\000R\000\351\000f\000\351\000r\000e\000n\000c\000e\000\040\000d\000u\000\040\000f\000i\000c\000h\000i\000e\000r\000\040\000i\000n\000c\000l\000u\000d\000e\000s\000/\000c\000h\000e\000a\000t\000/\000m\000o\000d\000i\000f\000\137\000s\000t\000u\000f\000f\000.\000p\000h\000p}{chapter.7}% 341
\BOOKMARK [2][-]{subsection.7.19.1}{\376\377\0007\000.\0001\0009\000.\0001\000\040\000D\000e\000s\000c\000r\000i\000p\000t\000i\000o\000n\000\040\000d\000\351\000t\000a\000i\000l\000l\000\351\000e}{section.7.19}% 342
\BOOKMARK [1][-]{section.7.20}{\376\377\0007\000.\0002\0000\000\040\000R\000\351\000f\000\351\000r\000e\000n\000c\000e\000\040\000d\000u\000\040\000f\000i\000c\000h\000i\000e\000r\000\040\000i\000n\000c\000l\000u\000d\000e\000s\000/\000c\000h\000e\000a\000t\000/\000m\000o\000d\000i\000f\000\137\000t\000e\000a\000m\000.\000p\000h\000p}{chapter.7}% 343
\BOOKMARK [2][-]{subsection.7.20.1}{\376\377\0007\000.\0002\0000\000.\0001\000\040\000D\000e\000s\000c\000r\000i\000p\000t\000i\000o\000n\000\040\000d\000\351\000t\000a\000i\000l\000l\000\351\000e}{section.7.20}% 344
\BOOKMARK [1][-]{section.7.21}{\376\377\0007\000.\0002\0001\000\040\000R\000\351\000f\000\351\000r\000e\000n\000c\000e\000\040\000d\000u\000\040\000f\000i\000c\000h\000i\000e\000r\000\040\000i\000n\000c\000l\000u\000d\000e\000s\000/\000e\000v\000i\000t\000e\000r\000M\000e\000s\000s\000a\000g\000e\000A\000v\000e\000r\000t\000i\000s\000s\000e\000m\000e\000n\000t\000.\000p\000h\000p}{chapter.7}% 345
\BOOKMARK [1][-]{section.7.22}{\376\377\0007\000.\0002\0002\000\040\000R\000\351\000f\000\351\000r\000e\000n\000c\000e\000\040\000d\000u\000\040\000f\000i\000c\000h\000i\000e\000r\000\040\000i\000n\000c\000l\000u\000d\000e\000s\000/\000F\000u\000n\000c\000t\000i\000o\000n\000\137\000A\000t\000t\000a\000q\000u\000e\000.\000p\000h\000p}{chapter.7}% 346
\BOOKMARK [2][-]{subsection.7.22.1}{\376\377\0007\000.\0002\0002\000.\0001\000\040\000D\000e\000s\000c\000r\000i\000p\000t\000i\000o\000n\000\040\000d\000\351\000t\000a\000i\000l\000l\000\351\000e}{section.7.22}% 347
\BOOKMARK [1][-]{section.7.23}{\376\377\0007\000.\0002\0003\000\040\000R\000\351\000f\000\351\000r\000e\000n\000c\000e\000\040\000d\000u\000\040\000f\000i\000c\000h\000i\000e\000r\000\040\000i\000n\000c\000l\000u\000d\000e\000s\000/\000F\000u\000n\000c\000t\000i\000o\000n\000\137\000J\000e\000u\000.\000p\000h\000p}{chapter.7}% 348
\BOOKMARK [2][-]{subsection.7.23.1}{\376\377\0007\000.\0002\0003\000.\0001\000\040\000D\000e\000s\000c\000r\000i\000p\000t\000i\000o\000n\000\040\000d\000\351\000t\000a\000i\000l\000l\000\351\000e}{section.7.23}% 349
\BOOKMARK [2][-]{subsection.7.23.2}{\376\377\0007\000.\0002\0003\000.\0002\000\040\000D\000o\000c\000u\000m\000e\000n\000t\000a\000t\000i\000o\000n\000\040\000d\000e\000s\000\040\000f\000o\000n\000c\000t\000i\000o\000n\000s}{section.7.23}% 350
\BOOKMARK [3][-]{subsubsection.7.23.2.1}{\376\377\0007\000.\0002\0003\000.\0002\000.\0001\000\040\000a\000f\000f\000i\000c\000h\000e\000P\000e\000r\000s\000o\000\050\000\051}{subsection.7.23.2}% 351
\BOOKMARK [3][-]{subsubsection.7.23.2.2}{\376\377\0007\000.\0002\0003\000.\0002\000.\0002\000\040\000f\000o\000n\000c\000t\000i\000o\000n\000C\000o\000m\000p\000a\000r\000a\000i\000s\000o\000n\000\050\000\051}{subsection.7.23.2}% 352
\BOOKMARK [1][-]{section.7.24}{\376\377\0007\000.\0002\0004\000\040\000R\000\351\000f\000\351\000r\000e\000n\000c\000e\000\040\000d\000u\000\040\000f\000i\000c\000h\000i\000e\000r\000\040\000i\000n\000c\000l\000u\000d\000e\000s\000/\000i\000d\000e\000n\000t\000i\000f\000i\000a\000n\000t\000.\000p\000h\000p}{chapter.7}% 353
\BOOKMARK [2][-]{subsection.7.24.1}{\376\377\0007\000.\0002\0004\000.\0001\000\040\000D\000e\000s\000c\000r\000i\000p\000t\000i\000o\000n\000\040\000d\000\351\000t\000a\000i\000l\000l\000\351\000e}{section.7.24}% 354
\BOOKMARK [1][-]{section.7.25}{\376\377\0007\000.\0002\0005\000\040\000R\000\351\000f\000\351\000r\000e\000n\000c\000e\000\040\000d\000u\000\040\000f\000i\000c\000h\000i\000e\000r\000\040\000i\000n\000c\000l\000u\000d\000e\000s\000/\000s\000t\000u\000f\000f\000\137\000m\000o\000d\000a\000l\000.\000p\000h\000p}{chapter.7}% 355
\BOOKMARK [2][-]{subsection.7.25.1}{\376\377\0007\000.\0002\0005\000.\0001\000\040\000D\000e\000s\000c\000r\000i\000p\000t\000i\000o\000n\000\040\000d\000\351\000t\000a\000i\000l\000l\000\351\000e}{section.7.25}% 356
\BOOKMARK [1][-]{section.7.26}{\376\377\0007\000.\0002\0006\000\040\000R\000\351\000f\000\351\000r\000e\000n\000c\000e\000\040\000d\000u\000\040\000f\000i\000c\000h\000i\000e\000r\000\040\000i\000n\000c\000l\000u\000d\000e\000s\000/\000t\000e\000a\000m\000\040\000-\000\040\000s\000a\000v\000e\000.\000p\000h\000p}{chapter.7}% 357
\BOOKMARK [1][-]{section.7.27}{\376\377\0007\000.\0002\0007\000\040\000R\000\351\000f\000\351\000r\000e\000n\000c\000e\000\040\000d\000u\000\040\000f\000i\000c\000h\000i\000e\000r\000\040\000i\000n\000c\000l\000u\000d\000e\000s\000/\000t\000e\000a\000m\000.\000p\000h\000p}{chapter.7}% 358
\BOOKMARK [2][-]{subsection.7.27.1}{\376\377\0007\000.\0002\0007\000.\0001\000\040\000D\000e\000s\000c\000r\000i\000p\000t\000i\000o\000n\000\040\000d\000\351\000t\000a\000i\000l\000l\000\351\000e}{section.7.27}% 359
\BOOKMARK [2][-]{subsection.7.27.2}{\376\377\0007\000.\0002\0007\000.\0002\000\040\000D\000o\000c\000u\000m\000e\000n\000t\000a\000t\000i\000o\000n\000\040\000d\000e\000s\000\040\000f\000o\000n\000c\000t\000i\000o\000n\000s}{section.7.27}% 360
\BOOKMARK [3][-]{subsubsection.7.27.2.1}{\376\377\0007\000.\0002\0007\000.\0002\000.\0001\000\040\000c\000a\000d\000r\000e\000\137\000t\000e\000a\000m\000\050\000\051}{subsection.7.27.2}% 361
\BOOKMARK [1][-]{section.7.28}{\376\377\0007\000.\0002\0008\000\040\000R\000\351\000f\000\351\000r\000e\000n\000c\000e\000\040\000d\000u\000\040\000f\000i\000c\000h\000i\000e\000r\000\040\000i\000n\000c\000l\000u\000d\000e\000s\000/\000u\000p\000\137\000p\000e\000r\000s\000o\000.\000p\000h\000p}{chapter.7}% 362
\BOOKMARK [2][-]{subsection.7.28.1}{\376\377\0007\000.\0002\0008\000.\0001\000\040\000D\000e\000s\000c\000r\000i\000p\000t\000i\000o\000n\000\040\000d\000\351\000t\000a\000i\000l\000l\000\351\000e}{section.7.28}% 363
\BOOKMARK [1][-]{section.7.29}{\376\377\0007\000.\0002\0009\000\040\000R\000\351\000f\000\351\000r\000e\000n\000c\000e\000\040\000d\000u\000\040\000f\000i\000c\000h\000i\000e\000r\000\040\000i\000n\000c\000l\000u\000d\000e\000s\000/\000u\000p\000\137\000p\000e\000r\000s\000o\000\137\000m\000o\000d\000a\000l\000.\000p\000h\000p}{chapter.7}% 364
\BOOKMARK [2][-]{subsection.7.29.1}{\376\377\0007\000.\0002\0009\000.\0001\000\040\000D\000e\000s\000c\000r\000i\000p\000t\000i\000o\000n\000\040\000d\000\351\000t\000a\000i\000l\000l\000\351\000e}{section.7.29}% 365
\BOOKMARK [1][-]{section.7.30}{\376\377\0007\000.\0003\0000\000\040\000R\000\351\000f\000\351\000r\000e\000n\000c\000e\000\040\000d\000u\000\040\000f\000i\000c\000h\000i\000e\000r\000\040\000i\000n\000d\000e\000x\000.\000p\000h\000p}{chapter.7}% 366
\BOOKMARK [2][-]{subsection.7.30.1}{\376\377\0007\000.\0003\0000\000.\0001\000\040\000D\000e\000s\000c\000r\000i\000p\000t\000i\000o\000n\000\040\000d\000\351\000t\000a\000i\000l\000l\000\351\000e}{section.7.30}% 367
\BOOKMARK [2][-]{subsection.7.30.2}{\376\377\0007\000.\0003\0000\000.\0002\000\040\000D\000o\000c\000u\000m\000e\000n\000t\000a\000t\000i\000o\000n\000\040\000d\000e\000s\000\040\000f\000o\000n\000c\000t\000i\000o\000n\000s}{section.7.30}% 368
\BOOKMARK [3][-]{subsubsection.7.30.2.1}{\376\377\0007\000.\0003\0000\000.\0002\000.\0001\000\040\000c\000h\000a\000r\000g\000e\000r\000C\000l\000a\000s\000s\000\050\000\051}{subsection.7.30.2}% 369
\BOOKMARK [1][-]{section.7.31}{\376\377\0007\000.\0003\0001\000\040\000R\000\351\000f\000\351\000r\000e\000n\000c\000e\000\040\000d\000u\000\040\000f\000i\000c\000h\000i\000e\000r\000\040\000J\000S\000/\000a\000d\000d\000\137\000p\000e\000r\000s\000o\000.\000j\000s}{chapter.7}% 370
\BOOKMARK [2][-]{subsection.7.31.1}{\376\377\0007\000.\0003\0001\000.\0001\000\040\000D\000e\000s\000c\000r\000i\000p\000t\000i\000o\000n\000\040\000d\000\351\000t\000a\000i\000l\000l\000\351\000e}{section.7.31}% 371
\BOOKMARK [2][-]{subsection.7.31.2}{\376\377\0007\000.\0003\0001\000.\0002\000\040\000D\000o\000c\000u\000m\000e\000n\000t\000a\000t\000i\000o\000n\000\040\000d\000e\000s\000\040\000f\000o\000n\000c\000t\000i\000o\000n\000s}{section.7.31}% 372
\BOOKMARK [3][-]{subsubsection.7.31.2.1}{\376\377\0007\000.\0003\0001\000.\0002\000.\0001\000\040\000a\000u\000t\000o\000\137\000l\000o\000a\000d\000\050\000\051}{subsection.7.31.2}% 373
\BOOKMARK [3][-]{subsubsection.7.31.2.2}{\376\377\0007\000.\0003\0001\000.\0002\000.\0002\000\040\000s\000u\000b\000m\000i\000t\000\050\000\051}{subsection.7.31.2}% 374
\BOOKMARK [1][-]{section.7.32}{\376\377\0007\000.\0003\0002\000\040\000R\000\351\000f\000\351\000r\000e\000n\000c\000e\000\040\000d\000u\000\040\000f\000i\000c\000h\000i\000e\000r\000\040\000J\000S\000/\000h\000i\000g\000h\000l\000i\000g\000h\000t\000/\000h\000i\000g\000h\000l\000i\000g\000h\000t\000.\000p\000a\000c\000k\000.\000j\000s}{chapter.7}% 375
\BOOKMARK [2][-]{subsection.7.32.1}{\376\377\0007\000.\0003\0002\000.\0001\000\040\000D\000o\000c\000u\000m\000e\000n\000t\000a\000t\000i\000o\000n\000\040\000d\000e\000s\000\040\000v\000a\000r\000i\000a\000b\000l\000e\000s}{section.7.32}% 376
\BOOKMARK [3][-]{subsubsection.7.32.1.1}{\376\377\0007\000.\0003\0002\000.\0001\000.\0001\000\040\000c\000s\000s}{subsection.7.32.1}% 377
\BOOKMARK [3][-]{subsubsection.7.32.1.2}{\376\377\0007\000.\0003\0002\000.\0001\000.\0002\000\040\000h\000l\000j\000s}{subsection.7.32.1}% 378
\BOOKMARK [3][-]{subsubsection.7.32.1.3}{\376\377\0007\000.\0003\0002\000.\0001\000.\0003\000\040\000h\000t\000m\000l}{subsection.7.32.1}% 379
\BOOKMARK [3][-]{subsubsection.7.32.1.4}{\376\377\0007\000.\0003\0002\000.\0001\000.\0004\000\040\000H\000T\000M\000L\000\137\000A\000T\000T\000R}{subsection.7.32.1}% 380
\BOOKMARK [3][-]{subsubsection.7.32.1.5}{\376\377\0007\000.\0003\0002\000.\0001\000.\0005\000\040\000H\000T\000M\000L\000\137\000D\000O\000C\000T\000Y\000P\000E}{subsection.7.32.1}% 381
\BOOKMARK [3][-]{subsubsection.7.32.1.6}{\376\377\0007\000.\0003\0002\000.\0001\000.\0006\000\040\000H\000T\000M\000L\000\137\000S\000H\000O\000R\000T\000\137\000A\000T\000T\000R}{subsection.7.32.1}% 382
\BOOKMARK [3][-]{subsubsection.7.32.1.7}{\376\377\0007\000.\0003\0002\000.\0001\000.\0007\000\040\000H\000T\000M\000L\000\137\000T\000A\000G\000S}{subsection.7.32.1}% 383
\BOOKMARK [3][-]{subsubsection.7.32.1.8}{\376\377\0007\000.\0003\0002\000.\0001\000.\0008\000\040\000H\000T\000M\000L\000\137\000V\000A\000L\000U\000E}{subsection.7.32.1}% 384
\BOOKMARK [3][-]{subsubsection.7.32.1.9}{\376\377\0007\000.\0003\0002\000.\0001\000.\0009\000\040\000i\000n\000i\000t\000H\000i\000g\000h\000l\000i\000g\000h\000t\000i\000n\000g\000O\000n\000L\000o\000a\000d}{subsection.7.32.1}% 385
\BOOKMARK [3][-]{subsubsection.7.32.1.10}{\376\377\0007\000.\0003\0002\000.\0001\000.\0001\0000\000\040\000j\000a\000v\000a\000s\000c\000r\000i\000p\000t}{subsection.7.32.1}% 386
\BOOKMARK [3][-]{subsubsection.7.32.1.11}{\376\377\0007\000.\0003\0002\000.\0001\000.\0001\0001\000\040\000x\000m\000l}{subsection.7.32.1}% 387
\BOOKMARK [3][-]{subsubsection.7.32.1.12}{\376\377\0007\000.\0003\0002\000.\0001\000.\0001\0002\000\040\000X\000M\000L\000\137\000A\000T\000T\000R}{subsection.7.32.1}% 388
\BOOKMARK [3][-]{subsubsection.7.32.1.13}{\376\377\0007\000.\0003\0002\000.\0001\000.\0001\0003\000\040\000X\000M\000L\000\137\000C\000O\000M\000M\000E\000N\000T}{subsection.7.32.1}% 389
\BOOKMARK [3][-]{subsubsection.7.32.1.14}{\376\377\0007\000.\0003\0002\000.\0001\000.\0001\0004\000\040\000X\000M\000L\000\137\000V\000A\000L\000U\000E\000\137\000A\000P\000O\000S}{subsection.7.32.1}% 390
\BOOKMARK [3][-]{subsubsection.7.32.1.15}{\376\377\0007\000.\0003\0002\000.\0001\000.\0001\0005\000\040\000X\000M\000L\000\137\000V\000A\000L\000U\000E\000\137\000Q\000U\000O\000T}{subsection.7.32.1}% 391
\BOOKMARK [1][-]{section.7.33}{\376\377\0007\000.\0003\0003\000\040\000R\000\351\000f\000\351\000r\000e\000n\000c\000e\000\040\000d\000u\000\040\000f\000i\000c\000h\000i\000e\000r\000\040\000J\000S\000/\000j\000Q\000u\000e\000r\000y\000-\000R\000o\000t\000a\000t\000e\000-\000P\000l\000u\000g\000i\000n\000.\000j\000s}{chapter.7}% 392
\BOOKMARK [2][-]{subsection.7.33.1}{\376\377\0007\000.\0003\0003\000.\0001\000\040\000D\000o\000c\000u\000m\000e\000n\000t\000a\000t\000i\000o\000n\000\040\000d\000e\000s\000\040\000v\000a\000r\000i\000a\000b\000l\000e\000s}{section.7.33}% 393
\BOOKMARK [3][-]{subsubsection.7.33.1.1}{\376\377\0007\000.\0003\0003\000.\0001\000.\0001\000\040\000r\000o\000t\000a\000t\000e}{subsection.7.33.1}% 394
\BOOKMARK [1][-]{section.7.34}{\376\377\0007\000.\0003\0004\000\040\000R\000\351\000f\000\351\000r\000e\000n\000c\000e\000\040\000d\000u\000\040\000f\000i\000c\000h\000i\000e\000r\000\040\000J\000S\000/\000j\000q\000u\000e\000r\000y\000.\000e\000a\000s\000i\000n\000g\000.\0001\000.\0003\000.\000j\000s}{chapter.7}% 395
\BOOKMARK [2][-]{subsection.7.34.1}{\376\377\0007\000.\0003\0004\000.\0001\000\040\000D\000o\000c\000u\000m\000e\000n\000t\000a\000t\000i\000o\000n\000\040\000d\000e\000s\000\040\000f\000o\000n\000c\000t\000i\000o\000n\000s}{section.7.34}% 396
\BOOKMARK [3][-]{subsubsection.7.34.1.1}{\376\377\0007\000.\0003\0004\000.\0001\000.\0001\000\040\000e\000x\000t\000e\000n\000d\000\050\000\051}{subsection.7.34.1}% 397
\BOOKMARK [2][-]{subsection.7.34.2}{\376\377\0007\000.\0003\0004\000.\0002\000\040\000D\000o\000c\000u\000m\000e\000n\000t\000a\000t\000i\000o\000n\000\040\000d\000e\000s\000\040\000v\000a\000r\000i\000a\000b\000l\000e\000s}{section.7.34}% 398
\BOOKMARK [3][-]{subsubsection.7.34.2.1}{\376\377\0007\000.\0003\0004\000.\0002\000.\0001\000\040\000e\000a\000s\000i\000n\000g}{subsection.7.34.2}% 399
\BOOKMARK [1][-]{section.7.35}{\376\377\0007\000.\0003\0005\000\040\000R\000\351\000f\000\351\000r\000e\000n\000c\000e\000\040\000d\000u\000\040\000f\000i\000c\000h\000i\000e\000r\000\040\000J\000S\000/\000j\000q\000u\000e\000r\000y\000.\000m\000o\000d\000a\000l\000.\000j\000s}{chapter.7}% 400
\BOOKMARK [2][-]{subsection.7.35.1}{\376\377\0007\000.\0003\0005\000.\0001\000\040\000D\000o\000c\000u\000m\000e\000n\000t\000a\000t\000i\000o\000n\000\040\000d\000e\000s\000\040\000f\000o\000n\000c\000t\000i\000o\000n\000s}{section.7.35}% 401
\BOOKMARK [3][-]{subsubsection.7.35.1.1}{\376\377\0007\000.\0003\0005\000.\0001\000.\0001\000\040\000f\000u\000n\000c\000t\000i\000o\000n\000\050\000\051\000\040\000[\0001\000/\0002\000]}{subsection.7.35.1}% 402
\BOOKMARK [3][-]{subsubsection.7.35.1.2}{\376\377\0007\000.\0003\0005\000.\0001\000.\0002\000\040\000f\000u\000n\000c\000t\000i\000o\000n\000\050\000\051\000\040\000[\0002\000/\0002\000]}{subsection.7.35.1}% 403
\BOOKMARK [1][-]{section.7.36}{\376\377\0007\000.\0003\0006\000\040\000R\000\351\000f\000\351\000r\000e\000n\000c\000e\000\040\000d\000u\000\040\000f\000i\000c\000h\000i\000e\000r\000\040\000J\000S\000/\000s\000u\000p\000\137\000p\000e\000r\000s\000o\000.\000j\000s}{chapter.7}% 404
\BOOKMARK [2][-]{subsection.7.36.1}{\376\377\0007\000.\0003\0006\000.\0001\000\040\000D\000e\000s\000c\000r\000i\000p\000t\000i\000o\000n\000\040\000d\000\351\000t\000a\000i\000l\000l\000\351\000e}{section.7.36}% 405
\BOOKMARK [2][-]{subsection.7.36.2}{\376\377\0007\000.\0003\0006\000.\0002\000\040\000D\000o\000c\000u\000m\000e\000n\000t\000a\000t\000i\000o\000n\000\040\000d\000e\000s\000\040\000f\000o\000n\000c\000t\000i\000o\000n\000s}{section.7.36}% 406
\BOOKMARK [3][-]{subsubsection.7.36.2.1}{\376\377\0007\000.\0003\0006\000.\0002\000.\0001\000\040\000a\000u\000t\000o\000\137\000l\000o\000a\000d\000\050\000\051}{subsection.7.36.2}% 407
\BOOKMARK [3][-]{subsubsection.7.36.2.2}{\376\377\0007\000.\0003\0006\000.\0002\000.\0002\000\040\000s\000u\000b\000m\000i\000t\000\050\000\051}{subsection.7.36.2}% 408
\BOOKMARK [1][-]{section.7.37}{\376\377\0007\000.\0003\0007\000\040\000R\000\351\000f\000\351\000r\000e\000n\000c\000e\000\040\000d\000u\000\040\000f\000i\000c\000h\000i\000e\000r\000\040\000J\000S\000/\000t\000e\000a\000m\000.\000j\000s}{chapter.7}% 409
\BOOKMARK [2][-]{subsection.7.37.1}{\376\377\0007\000.\0003\0007\000.\0001\000\040\000D\000e\000s\000c\000r\000i\000p\000t\000i\000o\000n\000\040\000d\000\351\000t\000a\000i\000l\000l\000\351\000e}{section.7.37}% 410
\BOOKMARK [2][-]{subsection.7.37.2}{\376\377\0007\000.\0003\0007\000.\0002\000\040\000D\000o\000c\000u\000m\000e\000n\000t\000a\000t\000i\000o\000n\000\040\000d\000e\000s\000\040\000f\000o\000n\000c\000t\000i\000o\000n\000s}{section.7.37}% 411
\BOOKMARK [3][-]{subsubsection.7.37.2.1}{\376\377\0007\000.\0003\0007\000.\0002\000.\0001\000\040\000a\000u\000t\000o\000\137\000l\000o\000a\000d\000\050\000\051}{subsection.7.37.2}% 412
\BOOKMARK [3][-]{subsubsection.7.37.2.2}{\376\377\0007\000.\0003\0007\000.\0002\000.\0002\000\040\000s\000u\000b\000m\000i\000t\000\050\000\051}{subsection.7.37.2}% 413
\BOOKMARK [0][-]{section*.192}{\376\377\000I\000n\000d\000e\000x}{}% 414
